01/23/25 23:13:04: Running xcd server. This server was built by gradle.
01/23/25 23:13:04: Server was asked to start on port: '62011'
01/23/25 23:13:04: Server is using token UUID: '8120c3e3-da09-11ef-8e03-fc44827acfb4'
01/23/25 23:13:04: SESSION_MGR: creating session with session uuid: '6d04a3e9-ade5-4ab9-8d63-1f78fcd2ec76' and name 'default'
01/23/25 23:13:04: Attempting to start server on port '62011'
01/23/25 23:13:04: Running Dispatch Server
01/23/25 23:13:04: Version 2.2.0
01/23/25 23:13:04: Dispatch Server: Accepted socket connection from client
01/23/25 23:13:04: Starting Socket connection
01/23/25 23:13:04: EXCHANGE_TOKEN received, server token: 8120c3e3-da09-11ef-8e03-fc44827acfb4, passed token: 8120c3e3-da09-11ef-8e03-fc44827acfb4
01/23/25 23:13:04: SESSION_MGR: creating session with session uuid: '5f2a600a-0ff0-4306-951f-0e5b7e128ec4' and name 'Code Analyzer'
01/23/25 23:13:04: KERNEL_SVC: creating session with uuid: '5f2a600a-0ff0-4306-951f-0e5b7e128ec4' and name 'Code Analyzer'
01/23/25 23:13:04: GUIDANCE_SMGR: creating guidance session with uuid: '5f2a600a-0ff0-4306-951f-0e5b7e128ec4' and name 'Code Analyzer'
01/23/25 23:13:26: SESSION_MGR: closing session for UUID '5f2a600a-0ff0-4306-951f-0e5b7e128ec4' with name ''
01/23/25 23:13:26: KERNEL_SVC: closing session for UUID '5f2a600a-0ff0-4306-951f-0e5b7e128ec4' with name ''
01/23/25 23:13:26: GUIDANCE_SMGR: closing session for UUID '5f2a600a-0ff0-4306-951f-0e5b7e128ec4' with name ''
01/23/25 23:13:26: STOP_SERVER received, server token: 8120c3e3-da09-11ef-8e03-fc44827acfb4, passed token: 8120c3e3-da09-11ef-8e03-fc44827acfb4
01/23/25 23:13:26: Socket received request to stop server.
01/23/25 23:13:26: Dispatch Server: do_await_stop
01/23/25 23:13:26: SERVER: destructor for server bound to port 62011
01/23/25 23:13:26: Server exiting with status 0.
01/23/25 23:13:26: Closing log file.
01/24/25 00:02:16: Running xcd server. This server was built by gradle.
01/24/25 00:02:16: Server was asked to start on port: '59887'
01/24/25 00:02:16: Server is using token UUID: '608f6c57-da10-11ef-a902-fc44827acfb4'
01/24/25 00:02:16: SESSION_MGR: creating session with session uuid: '6d04a3e9-ade5-4ab9-8d63-1f78fcd2ec76' and name 'default'
01/24/25 00:02:16: Attempting to start server on port '59887'
01/24/25 00:02:16: Running Dispatch Server
01/24/25 00:02:16: Version 2.2.0
01/24/25 00:02:16: Dispatch Server: Accepted socket connection from client
01/24/25 00:02:16: Starting Socket connection
01/24/25 00:02:16: EXCHANGE_TOKEN received, server token: 608f6c57-da10-11ef-a902-fc44827acfb4, passed token: 608f6c57-da10-11ef-a902-fc44827acfb4
01/24/25 00:02:16: SESSION_MGR: creating session with session uuid: '858eb934-d59e-47f1-9b96-055ba631336c' and name 'Code Analyzer'
01/24/25 00:02:16: KERNEL_SVC: creating session with uuid: '858eb934-d59e-47f1-9b96-055ba631336c' and name 'Code Analyzer'
01/24/25 00:02:16: GUIDANCE_SMGR: creating guidance session with uuid: '858eb934-d59e-47f1-9b96-055ba631336c' and name 'Code Analyzer'
01/24/25 00:02:38: SESSION_MGR: closing session for UUID '858eb934-d59e-47f1-9b96-055ba631336c' with name ''
01/24/25 00:02:38: KERNEL_SVC: closing session for UUID '858eb934-d59e-47f1-9b96-055ba631336c' with name ''
01/24/25 00:02:38: GUIDANCE_SMGR: closing session for UUID '858eb934-d59e-47f1-9b96-055ba631336c' with name ''
01/24/25 00:02:38: STOP_SERVER received, server token: 608f6c57-da10-11ef-a902-fc44827acfb4, passed token: 608f6c57-da10-11ef-a902-fc44827acfb4
01/24/25 00:02:38: Socket received request to stop server.
01/24/25 00:02:38: Dispatch Server: do_await_stop
01/24/25 00:02:38: SERVER: destructor for server bound to port 59887
01/24/25 00:02:38: Server exiting with status 0.
01/24/25 00:02:38: Closing log file.
01/24/25 00:05:09: Running xcd server. This server was built by gradle.
01/24/25 00:05:09: Server was asked to start on port: '59918'
01/24/25 00:05:09: Server is using token UUID: 'c785b33c-da10-11ef-b37e-fc44827acfb4'
01/24/25 00:05:09: SESSION_MGR: creating session with session uuid: '6d04a3e9-ade5-4ab9-8d63-1f78fcd2ec76' and name 'default'
01/24/25 00:05:09: Attempting to start server on port '59918'
01/24/25 00:05:09: Running Dispatch Server
01/24/25 00:05:09: Version 2.2.0
01/24/25 00:05:09: Dispatch Server: Accepted socket connection from client
01/24/25 00:05:09: Starting Socket connection
01/24/25 00:05:09: EXCHANGE_TOKEN received, server token: c785b33c-da10-11ef-b37e-fc44827acfb4, passed token: c785b33c-da10-11ef-b37e-fc44827acfb4
01/24/25 00:05:09: SESSION_MGR: creating session with session uuid: '6b6135d9-7744-46f7-bc4c-f5c8a8577209' and name 'Code Analyzer'
01/24/25 00:05:09: KERNEL_SVC: creating session with uuid: '6b6135d9-7744-46f7-bc4c-f5c8a8577209' and name 'Code Analyzer'
01/24/25 00:05:09: GUIDANCE_SMGR: creating guidance session with uuid: '6b6135d9-7744-46f7-bc4c-f5c8a8577209' and name 'Code Analyzer'
01/24/25 00:05:27: SESSION_MGR: closing session for UUID '6b6135d9-7744-46f7-bc4c-f5c8a8577209' with name ''
01/24/25 00:05:27: KERNEL_SVC: closing session for UUID '6b6135d9-7744-46f7-bc4c-f5c8a8577209' with name ''
01/24/25 00:05:27: GUIDANCE_SMGR: closing session for UUID '6b6135d9-7744-46f7-bc4c-f5c8a8577209' with name ''
01/24/25 00:05:27: STOP_SERVER received, server token: c785b33c-da10-11ef-b37e-fc44827acfb4, passed token: c785b33c-da10-11ef-b37e-fc44827acfb4
01/24/25 00:05:27: Socket received request to stop server.
01/24/25 00:05:27: Dispatch Server: do_await_stop
01/24/25 00:05:27: SERVER: destructor for server bound to port 59918
01/24/25 00:05:27: Server exiting with status 0.
01/24/25 00:05:27: Closing log file.
