INFO: [v++ 60-1548] Creating build summary session with primary output C:/Users/kwokt/Desktop/Vitis_HLS2/comet-to-vitis-hls/hls_component/hls_component\hls_component.hlscompile_summary, at 01/17/25 00:44:58
INFO: [v++ 82-31] Launching vitis_hls: vitis_hls -nolog -run csynth -work_dir C:/Users/kwokt/Desktop/Vitis_HLS2/comet-to-vitis-hls/hls_component/hls_component -config C:/Users/kwokt/Desktop/Vitis_HLS2/comet-to-vitis-hls/hls_component/hls_config.cfg -cmdlineconfig C:/Users/kwokt/Desktop/Vitis_HLS2/comet-to-vitis-hls/hls_component/hls_component/hls/config.cmdline

****** Vitis HLS - High-Level Synthesis from C, C++ and OpenCL v2024.1 (64-bit)
  **** SW Build 5069499 on May 21 2024
  **** IP Build 5075265 on Wed May 22 21:45:21 MDT 2024
  **** SharedData Build 5076995 on Wed May 22 18:29:18 MDT 2024
  **** Start of session at: Fri Jan 17 00:45:01 2025
    ** Copyright 1986-2022 Xilinx, Inc. All Rights Reserved.
    ** Copyright 2022-2024 Advanced Micro Devices, Inc. All Rights Reserved.

source C:/Xilinx/Vitis_HLS/2024.1/scripts/vitis_hls/hls.tcl -notrace
INFO: [HLS 200-10] For user 'kwokt' on host 'billy' (Windows NT_amd64 version 10.0) on Fri Jan 17 00:45:02 -0500 2025
INFO: [HLS 200-10] In directory 'C:/Users/kwokt/Desktop/Vitis_HLS2/comet-to-vitis-hls/hls_component'
INFO: [HLS 200-2005] Using work_dir C:/Users/kwokt/Desktop/Vitis_HLS2/comet-to-vitis-hls/hls_component/hls_component 
INFO: [HLS 200-1505] Using default flow_target 'vivado'
Resolution: For help on HLS 200-1505 see docs.xilinx.com/access/sources/dita/topic?Doc_Version=2024.1%20English&url=ug1448-hls-guidance&resourceid=200-1505.html
INFO: [HLS 200-1465] Applying ini 'syn.file=C:/Users/kwokt/Desktop/Vitis_HLS2/comet-to-vitis-hls/design_files/riscvISA.cpp' from C:/Users/kwokt/Desktop/Vitis_HLS2/comet-to-vitis-hls/hls_component/hls_config.cfg(7)
INFO: [HLS 200-10] Adding design file 'C:/Users/kwokt/Desktop/Vitis_HLS2/comet-to-vitis-hls/design_files/riscvISA.cpp' to the project
INFO: [HLS 200-1465] Applying ini 'syn.file=C:/Users/kwokt/Desktop/Vitis_HLS2/comet-to-vitis-hls/design_files/core.cpp' from C:/Users/kwokt/Desktop/Vitis_HLS2/comet-to-vitis-hls/hls_component/hls_config.cfg(8)
INFO: [HLS 200-10] Adding design file 'C:/Users/kwokt/Desktop/Vitis_HLS2/comet-to-vitis-hls/design_files/core.cpp' to the project
INFO: [HLS 200-1465] Applying ini 'tb.file=C:/Users/kwokt/Desktop/Vitis_HLS2/comet-to-vitis-hls/design_files/dct-test.c' from C:/Users/kwokt/Desktop/Vitis_HLS2/comet-to-vitis-hls/hls_component/hls_config.cfg(10)
INFO: [HLS 200-10] Adding test bench file 'C:/Users/kwokt/Desktop/Vitis_HLS2/comet-to-vitis-hls/design_files/dct-test.c' to the project
INFO: [HLS 200-1465] Applying ini 'syn.top=doCore' from C:/Users/kwokt/Desktop/Vitis_HLS2/comet-to-vitis-hls/hls_component/hls_config.cfg(9)
INFO: [HLS 200-1465] Applying ini 'flow_target=vitis' from C:/Users/kwokt/Desktop/Vitis_HLS2/comet-to-vitis-hls/hls_component/hls_config.cfg(4)
INFO: [HLS 200-1505] Using flow_target 'vitis'
Resolution: For help on HLS 200-1505 see docs.xilinx.com/access/sources/dita/topic?Doc_Version=2024.1%20English&url=ug1448-hls-guidance&resourceid=200-1505.html
INFO: [HLS 200-435] Setting 'open_solution -flow_target vitis' configuration: config_interface -m_axi_latency=64
INFO: [HLS 200-435] Setting 'open_solution -flow_target vitis' configuration: config_interface -m_axi_alignment_byte_size=64
INFO: [HLS 200-435] Setting 'open_solution -flow_target vitis' configuration: config_interface -m_axi_max_widen_bitwidth=512
INFO: [HLS 200-435] Setting 'open_solution -flow_target vitis' configuration: config_rtl -register_reset_num=3
INFO: [HLS 200-1465] Applying ini 'part=xcvu9p-flga2104-2-i' from C:/Users/kwokt/Desktop/Vitis_HLS2/comet-to-vitis-hls/hls_component/hls_config.cfg(1)
INFO: [HLS 200-1611] Setting target device to 'xcvu9p-flga2104-2-i'
INFO: [HLS 200-1465] Applying ini 'package.output.format=ip_catalog' from C:/Users/kwokt/Desktop/Vitis_HLS2/comet-to-vitis-hls/hls_component/hls_config.cfg(5)
INFO: [HLS 200-111] Finished File checks and directory preparation: CPU user time: 2 seconds. CPU system time: 1 seconds. Elapsed time: 3.458 seconds; current allocated memory: 230.641 MB.
INFO: [HLS 200-10] Analyzing design file '../design_files/core.cpp' ... 
WARNING: [HLS 207-1017] unknown pragma ignored (../design_files/ac_int.h:152:9)
WARNING: [HLS 207-5292] unused parameter 'd' (../design_files/ac_int.h:166:32)
WARNING: [HLS 207-5292] unused parameter 'condition' (../design_files/ac_int.h:173:28)
WARNING: [HLS 207-5292] unused parameter 'file' (../design_files/ac_int.h:173:51)
WARNING: [HLS 207-5292] unused parameter 'line' (../design_files/ac_int.h:173:65)
WARNING: [HLS 207-5292] unused parameter 'msg' (../design_files/ac_int.h:173:87)
WARNING: [HLS 207-1017] unknown pragma ignored (../design_files/ac_int.h:1901:9)
WARNING: [HLS 207-1017] unknown pragma ignored (../design_files/ac_int.h:2473:9)
WARNING: [HLS 207-5292] unused parameter 'x' (../design_files/ac_int.h:2868:96)
INFO: [HLS 200-10] Analyzing design file '../design_files/riscvISA.cpp' ... 
WARNING: [HLS 207-1017] unknown pragma ignored (../design_files/ac_int.h:152:9)
WARNING: [HLS 207-5292] unused parameter 'd' (../design_files/ac_int.h:166:32)
WARNING: [HLS 207-5292] unused parameter 'condition' (../design_files/ac_int.h:173:28)
WARNING: [HLS 207-5292] unused parameter 'file' (../design_files/ac_int.h:173:51)
WARNING: [HLS 207-5292] unused parameter 'line' (../design_files/ac_int.h:173:65)
WARNING: [HLS 207-5292] unused parameter 'msg' (../design_files/ac_int.h:173:87)
WARNING: [HLS 207-1017] unknown pragma ignored (../design_files/ac_int.h:1901:9)
WARNING: [HLS 207-1017] unknown pragma ignored (../design_files/ac_int.h:2473:9)
WARNING: [HLS 207-5292] unused parameter 'x' (../design_files/ac_int.h:2868:96)
INFO: [HLS 200-111] Finished Source Code Analysis and Preprocessing: CPU user time: 1 seconds. CPU system time: 0 seconds. Elapsed time: 10.901 seconds; current allocated memory: 235.102 MB.
INFO: [HLS 200-777] Using interface defaults for 'Vitis' flow target.
INFO: [HLS 200-1995] There were 11,993 instructions in the design after the 'Compile/Link' phase of compilation. See the Design Size Report for more details: C:/Users/kwokt/Desktop/Vitis_HLS2/comet-to-vitis-hls/hls_component/hls_component/hls/syn/report/csynth_design_size.rpt
INFO: [HLS 200-1995] There were 7,449 instructions in the design after the 'Unroll/Inline (step 1)' phase of compilation. See the Design Size Report for more details: C:/Users/kwokt/Desktop/Vitis_HLS2/comet-to-vitis-hls/hls_component/hls_component/hls/syn/report/csynth_design_size.rpt
INFO: [HLS 200-1995] There were 5,935 instructions in the design after the 'Unroll/Inline (step 2)' phase of compilation. See the Design Size Report for more details: C:/Users/kwokt/Desktop/Vitis_HLS2/comet-to-vitis-hls/hls_component/hls_component/hls/syn/report/csynth_design_size.rpt
INFO: [HLS 200-1995] There were 4,596 instructions in the design after the 'Unroll/Inline (step 3)' phase of compilation. See the Design Size Report for more details: C:/Users/kwokt/Desktop/Vitis_HLS2/comet-to-vitis-hls/hls_component/hls_component/hls/syn/report/csynth_design_size.rpt
INFO: [HLS 200-1995] There were 2,210 instructions in the design after the 'Unroll/Inline (step 4)' phase of compilation. See the Design Size Report for more details: C:/Users/kwokt/Desktop/Vitis_HLS2/comet-to-vitis-hls/hls_component/hls_component/hls/syn/report/csynth_design_size.rpt
INFO: [HLS 214-178] Inlining function 'ac_int<13, false>::ac_bitref::ac_bitref(ac_int<13, false>*, unsigned int) (.429)' into 'ac_int<13, false>::operator[](int)' (../design_files/ac_int.h:2505:0)
INFO: [HLS 214-178] Inlining function 'ac_int<13, false>::operator[](int)' into 'decode(FtoDC, DCtoEx&, ac_int<32, true> const*)' (../design_files/core.cpp:30:0)
INFO: [HLS 214-178] Inlining function 'ac_int<13, false>::ac_bitref::operator=(int)' into 'decode(FtoDC, DCtoEx&, ac_int<32, true> const*)' (../design_files/core.cpp:30:0)
INFO: [HLS 214-178] Inlining function 'ac_int<21, false>::ac_bitref::ac_bitref(ac_int<21, false>*, unsigned int) (.339)' into 'ac_int<21, false>::operator[](int)' (../design_files/ac_int.h:2505:0)
INFO: [HLS 214-178] Inlining function 'ac_int<21, false>::operator[](int)' into 'decode(FtoDC, DCtoEx&, ac_int<32, true> const*)' (../design_files/core.cpp:30:0)
INFO: [HLS 214-178] Inlining function 'ac_int<21, false>::ac_bitref::operator=(int)' into 'decode(FtoDC, DCtoEx&, ac_int<32, true> const*)' (../design_files/core.cpp:30:0)
INFO: [HLS 214-178] Inlining function 'IncompleteMemory<4u>::IncompleteMemory(ac_int<32, false>*)' into 'doCore(bool, ac_int<32, false>*, ac_int<32, false>*)' (../design_files/core.cpp:665:0)
WARNING: [HLS 214-366] Duplicating function 'void ac_private::iv_shift_r<2, 2>(int const*, unsigned int, int*)' as different function signatures were detected between this call site and other call site(s). This may impact the resources used in the design. (../design_files/ac_int.h:1163:5)
WARNING: [HLS 214-366] Duplicating function 'void ac_private::iv_copy<1>(int const*, int*)' as different function signatures were detected between this call site and other call site(s). This may impact the resources used in the design. (../design_files/ac_int.h:1426:5)
WARNING: [HLS 214-366] Duplicating function 'void ac_private::iv_shift_r<2, 1>(int const*, unsigned int, int*)' as different function signatures were detected between this call site and other call site(s). This may impact the resources used in the design. (../design_files/ac_int.h:1497:67)
INFO: [HLS 214-178] Inlining function 'ac_int<32, false>::ac_int(int)' into 'FtoDC::FtoDC()' (../design_files/pipelineRegisters.h:40:0)
INFO: [HLS 214-178] Inlining function 'FtoDC::FtoDC()' into 'Core::Core()' (../design_files/core.h:40:0)
INFO: [HLS 214-178] Inlining function 'ac_int<32, false>::ac_int(int) (.1868.1874.1882)' into 'FtoDC::FtoDC() (.1849)' (../design_files/pipelineRegisters.h:40:0)
INFO: [HLS 214-178] Inlining function 'bool ac_private::iv_add_int_carry<2>(int const*, int, bool, int*)' into 'void ac_private::iv_add<2, 1, 2>(int const*, int const*, int*)' (../design_files/ac_int.h:641:0)
INFO: [HLS 214-178] Inlining function 'void ac_private::iv_add<2, 1, 2>(int const*, int const*, int*)' into 'void ac_private::iv<2>::add<1, 2>(ac_private::iv<1> const&, ac_private::iv<2>&) const (.250.1740)' (../design_files/ac_int.h:1482:0)
INFO: [HLS 214-178] Inlining function 'void ac_private::iv<2>::add<1, 2>(ac_private::iv<1> const&, ac_private::iv<2>&) const (.250.1740)' into 'ac_int<32, false>::rt<32, true>::plus ac_int<32, false>::operator+<32, true>(ac_int<32, true> const&) const (.1723.1733.1737)' (../design_files/ac_int.h:2139:0)
INFO: [HLS 214-178] Inlining function 'ac_int<32, false>::rt<32, true>::plus ac_int<32, false>::operator+<32, true>(ac_int<32, true> const&) const (.1723.1733.1737)' into 'ac_int<32, false>::rt<32, true>::plus ac::ops_with_other_types::operator+<32, false>(ac_int<32, false> const&, int)' (../design_files/ac_int.h:2956:0)
INFO: [HLS 214-178] Inlining function 'ac_int<32, false>::bit_adjust() (.59.65.71)' into 'ac_int<32, false>::ac_int<34, true>(ac_int<34, true> const&)' (../design_files/ac_int.h:2018:0)
INFO: [HLS 214-178] Inlining function 'ac_int<32, false>::rt<32, true>::plus ac::ops_with_other_types::operator+<32, false>(ac_int<32, false> const&, int)' into 'fetch(ac_int<32, false>, FtoDC&, ac_int<32, false>)' (../design_files/core.cpp:22:0)
INFO: [HLS 214-178] Inlining function 'ac_int<32, false>::ac_int<34, true>(ac_int<34, true> const&)' into 'fetch(ac_int<32, false>, FtoDC&, ac_int<32, false>)' (../design_files/core.cpp:22:0)
INFO: [HLS 214-178] Inlining function 'void ac_private::iv_shift_r<2, 1>(int const*, unsigned int, int*)' into 'void ac_private::iv<2>::shift_r<1>(unsigned int, ac_private::iv<1>&) const (.353.679)' (../design_files/ac_int.h:1497:0)
INFO: [HLS 214-178] Inlining function 'void ac_private::iv<2>::shift_r<1>(unsigned int, ac_private::iv<1>&) const (.353.679)' into 'ac_int<7, false> ac_int<32, false>::slc<7>(int) const' (../design_files/ac_int.h:2430:0)
INFO: [HLS 214-178] Inlining function 'ac_int<7, false>::bit_adjust() (.554.560.570)' into 'ac_int<7, false> ac_int<32, false>::slc<7>(int) const' (../design_files/ac_int.h:2430:0)
INFO: [HLS 214-178] Inlining function 'void ac_private::iv<2>::shift_r<1>(unsigned int, ac_private::iv<1>&) const (.353.679)' into 'ac_int<5, false> ac_int<32, false>::slc<5>(int) const' (../design_files/ac_int.h:2430:0)
INFO: [HLS 214-178] Inlining function 'ac_int<5, false>::bit_adjust() (.530.536.546)' into 'ac_int<5, false> ac_int<32, false>::slc<5>(int) const' (../design_files/ac_int.h:2430:0)
INFO: [HLS 214-178] Inlining function 'void ac_private::iv<2>::shift_r<1>(unsigned int, ac_private::iv<1>&) const (.353.679)' into 'ac_int<3, false> ac_int<32, false>::slc<3>(int) const' (../design_files/ac_int.h:2430:0)
INFO: [HLS 214-178] Inlining function 'ac_int<3, false>::bit_adjust()' into 'ac_int<3, false> ac_int<32, false>::slc<3>(int) const' (../design_files/ac_int.h:2430:0)
INFO: [HLS 214-178] Inlining function 'ac_private::iv<1>::iv(int) (.326)' into 'ac_private::iv_conv<1, false, true>::iv_conv<int>(int const&)' (../design_files/ac_int.h:1601:0)
INFO: [HLS 214-178] Inlining function 'ac_private::iv_conv<1, false, true>::iv_conv<int>(int const&)' into 'ac_int<12, false>::ac_int(int)' (../design_files/ac_int.h:2029:0)
INFO: [HLS 214-178] Inlining function 'ac_int<12, false>::bit_adjust()' into 'ac_int<12, false>::ac_int(int)' (../design_files/ac_int.h:2029:0)
INFO: [HLS 214-178] Inlining function 'ac_int<7, true>::bit_adjust()' into 'ac_int<7, true>::ac_int<7, false>(ac_int<7, false> const&)' (../design_files/ac_int.h:2018:0)
INFO: [HLS 214-178] Inlining function 'ac_int<7, true>::ac_int<7, false>(ac_int<7, false> const&)' into 'ac_int<12, false>& ac_int<12, false>::set_slc<7, false>(int, ac_int<7, false> const&)' (../design_files/ac_int.h:2456:0)
INFO: [HLS 214-178] Inlining function 'void ac_private::iv<1>::set_slc<1>(unsigned int, int, ac_private::iv<1> const&)' into 'ac_int<12, false>& ac_int<12, false>::set_slc<7, false>(int, ac_int<7, false> const&)' (../design_files/ac_int.h:2456:0)
INFO: [HLS 214-178] Inlining function 'ac_int<12, false>::bit_adjust()' into 'ac_int<12, false>& ac_int<12, false>::set_slc<7, false>(int, ac_int<7, false> const&)' (../design_files/ac_int.h:2456:0)
INFO: [HLS 214-178] Inlining function 'ac_int<5, true>::bit_adjust() (.84)' into 'ac_int<5, true>::ac_int<5, false>(ac_int<5, false> const&)' (../design_files/ac_int.h:2018:0)
INFO: [HLS 214-178] Inlining function 'ac_int<5, true>::ac_int<5, false>(ac_int<5, false> const&)' into 'ac_int<12, false>& ac_int<12, false>::set_slc<5, false>(int, ac_int<5, false> const&)' (../design_files/ac_int.h:2456:0)
INFO: [HLS 214-178] Inlining function 'void ac_private::iv<1>::set_slc<1>(unsigned int, int, ac_private::iv<1> const&)' into 'ac_int<12, false>& ac_int<12, false>::set_slc<5, false>(int, ac_int<5, false> const&)' (../design_files/ac_int.h:2456:0)
INFO: [HLS 214-178] Inlining function 'ac_int<12, false>::bit_adjust()' into 'ac_int<12, false>& ac_int<12, false>::set_slc<5, false>(int, ac_int<5, false> const&)' (../design_files/ac_int.h:2456:0)
INFO: [HLS 214-178] Inlining function 'void ac_private::iv<2>::shift_r<1>(unsigned int, ac_private::iv<1>&) const (.353.679)' into 'ac_int<12, false> ac_int<32, false>::slc<12>(int) const' (../design_files/ac_int.h:2430:0)
INFO: [HLS 214-178] Inlining function 'ac_int<12, false>::bit_adjust()' into 'ac_int<12, false> ac_int<32, false>::slc<12>(int) const' (../design_files/ac_int.h:2430:0)
INFO: [HLS 214-178] Inlining function 'ac_int<12, true>::bit_adjust() (.98.104.110)' into 'ac_int<12, true>::ac_int<12, false>(ac_int<12, false> const&)' (../design_files/ac_int.h:2018:0)
INFO: [HLS 214-178] Inlining function 'ac_private::iv<1>::iv(int) (.326)' into 'ac_private::iv_conv<1, true, true>::iv_conv<int>(int const&)' (../design_files/ac_int.h:1610:0)
INFO: [HLS 214-178] Inlining function 'ac_private::iv_conv<1, true, true>::iv_conv<int>(int const&)' into 'ac_int<12, true>::ac_int(int)' (../design_files/ac_int.h:2029:0)
INFO: [HLS 214-178] Inlining function 'ac_int<12, true>::bit_adjust() (.98.104.110)' into 'ac_int<12, true>::ac_int(int)' (../design_files/ac_int.h:2029:0)
INFO: [HLS 214-178] Inlining function 'void ac_private::iv_shift_r<1, 1>(int const*, unsigned int, int*)' into 'void ac_private::iv<1>::shift_r<1>(unsigned int, ac_private::iv<1>&) const (.480)' (../design_files/ac_int.h:1497:0)
INFO: [HLS 214-178] Inlining function 'void ac_private::iv<1>::shift_r<1>(unsigned int, ac_private::iv<1>&) const (.480)' into 'ac_int<12, false> ac_int<12, false>::slc<12>(int) const' (../design_files/ac_int.h:2430:0)
INFO: [HLS 214-178] Inlining function 'ac_int<12, false>::bit_adjust()' into 'ac_int<12, false> ac_int<12, false>::slc<12>(int) const' (../design_files/ac_int.h:2430:0)
INFO: [HLS 214-178] Inlining function 'ac_int<12, true>::ac_int<12, false>(ac_int<12, false> const&)' into 'ac_int<12, true>& ac_int<12, true>::set_slc<12, false>(int, ac_int<12, false> const&)' (../design_files/ac_int.h:2456:0)
INFO: [HLS 214-178] Inlining function 'void ac_private::iv<1>::set_slc<1>(unsigned int, int, ac_private::iv<1> const&)' into 'ac_int<12, true>& ac_int<12, true>::set_slc<12, false>(int, ac_int<12, false> const&)' (../design_files/ac_int.h:2456:0)
INFO: [HLS 214-178] Inlining function 'ac_int<12, true>::bit_adjust() (.98.104.110)' into 'ac_int<12, true>& ac_int<12, true>::set_slc<12, false>(int, ac_int<12, false> const&)' (../design_files/ac_int.h:2456:0)
INFO: [HLS 214-178] Inlining function 'ac_private::iv_conv<1, false, true>::iv_conv<int>(int const&)' into 'ac_int<13, false>::ac_int(int)' (../design_files/ac_int.h:2029:0)
INFO: [HLS 214-178] Inlining function 'ac_int<13, false>::bit_adjust() (.727)' into 'ac_int<13, false>::ac_int(int)' (../design_files/ac_int.h:2029:0)
INFO: [HLS 214-178] Inlining function 'void ac_private::iv<2>::shift_r<1>(unsigned int, ac_private::iv<1>&) const (.353.679)' into 'ac_int<6, false> ac_int<32, false>::slc<6>(int) const' (../design_files/ac_int.h:2430:0)
INFO: [HLS 214-178] Inlining function 'ac_int<6, false>::bit_adjust()' into 'ac_int<6, false> ac_int<32, false>::slc<6>(int) const' (../design_files/ac_int.h:2430:0)
INFO: [HLS 214-178] Inlining function 'ac_int<6, true>::bit_adjust()' into 'ac_int<6, true>::ac_int<6, false>(ac_int<6, false> const&)' (../design_files/ac_int.h:2018:0)
INFO: [HLS 214-178] Inlining function 'ac_int<6, true>::ac_int<6, false>(ac_int<6, false> const&)' into 'ac_int<13, false>& ac_int<13, false>::set_slc<6, false>(int, ac_int<6, false> const&)' (../design_files/ac_int.h:2456:0)
INFO: [HLS 214-178] Inlining function 'void ac_private::iv<1>::set_slc<1>(unsigned int, int, ac_private::iv<1> const&)' into 'ac_int<13, false>& ac_int<13, false>::set_slc<6, false>(int, ac_int<6, false> const&)' (../design_files/ac_int.h:2456:0)
INFO: [HLS 214-178] Inlining function 'ac_int<13, false>::bit_adjust() (.727)' into 'ac_int<13, false>& ac_int<13, false>::set_slc<6, false>(int, ac_int<6, false> const&)' (../design_files/ac_int.h:2456:0)
INFO: [HLS 214-178] Inlining function 'void ac_private::iv<2>::shift_r<1>(unsigned int, ac_private::iv<1>&) const (.353.679)' into 'ac_int<4, false> ac_int<32, false>::slc<4>(int) const' (../design_files/ac_int.h:2430:0)
INFO: [HLS 214-178] Inlining function 'ac_int<4, false>::bit_adjust()' into 'ac_int<4, false> ac_int<32, false>::slc<4>(int) const' (../design_files/ac_int.h:2430:0)
INFO: [HLS 214-178] Inlining function 'ac_int<4, true>::bit_adjust()' into 'ac_int<4, true>::ac_int<4, false>(ac_int<4, false> const&)' (../design_files/ac_int.h:2018:0)
INFO: [HLS 214-178] Inlining function 'ac_int<4, true>::ac_int<4, false>(ac_int<4, false> const&)' into 'ac_int<13, false>& ac_int<13, false>::set_slc<4, false>(int, ac_int<4, false> const&)' (../design_files/ac_int.h:2456:0)
INFO: [HLS 214-178] Inlining function 'void ac_private::iv<1>::set_slc<1>(unsigned int, int, ac_private::iv<1> const&)' into 'ac_int<13, false>& ac_int<13, false>::set_slc<4, false>(int, ac_int<4, false> const&)' (../design_files/ac_int.h:2456:0)
INFO: [HLS 214-178] Inlining function 'ac_int<13, false>::bit_adjust() (.727)' into 'ac_int<13, false>& ac_int<13, false>::set_slc<4, false>(int, ac_int<4, false> const&)' (../design_files/ac_int.h:2456:0)
INFO: [HLS 214-178] Inlining function 'ac_private::iv_conv<1, true, true>::iv_conv<int>(int const&)' into 'ac_int<13, true>::ac_int(int)' (../design_files/ac_int.h:2029:0)
INFO: [HLS 214-178] Inlining function 'ac_int<13, true>::bit_adjust()' into 'ac_int<13, true>::ac_int(int)' (../design_files/ac_int.h:2029:0)
INFO: [HLS 214-178] Inlining function 'ac_int<13, true>::bit_adjust()' into 'ac_int<13, true>::ac_int<13, false>(ac_int<13, false> const&)' (../design_files/ac_int.h:2018:0)
INFO: [HLS 214-178] Inlining function 'ac_int<13, true>::ac_int<13, false>(ac_int<13, false> const&)' into 'ac_int<13, true>& ac_int<13, true>::set_slc<13, false>(int, ac_int<13, false> const&)' (../design_files/ac_int.h:2456:0)
INFO: [HLS 214-178] Inlining function 'void ac_private::iv<1>::set_slc<1>(unsigned int, int, ac_private::iv<1> const&)' into 'ac_int<13, true>& ac_int<13, true>::set_slc<13, false>(int, ac_int<13, false> const&)' (../design_files/ac_int.h:2456:0)
INFO: [HLS 214-178] Inlining function 'ac_int<13, true>::bit_adjust()' into 'ac_int<13, true>& ac_int<13, true>::set_slc<13, false>(int, ac_int<13, false> const&)' (../design_files/ac_int.h:2456:0)
INFO: [HLS 214-178] Inlining function 'void ac_private::iv<2>::shift_r<1>(unsigned int, ac_private::iv<1>&) const (.353.679)' into 'ac_int<20, false> ac_int<32, false>::slc<20>(int) const' (../design_files/ac_int.h:2430:0)
INFO: [HLS 214-178] Inlining function 'ac_int<20, false>::bit_adjust()' into 'ac_int<20, false> ac_int<32, false>::slc<20>(int) const' (../design_files/ac_int.h:2430:0)
INFO: [HLS 214-178] Inlining function 'ac_int<20, true>::bit_adjust()' into 'ac_int<20, true>::ac_int<20, false>(ac_int<20, false> const&)' (../design_files/ac_int.h:2018:0)
INFO: [HLS 214-178] Inlining function 'ac_int<20, true>::ac_int<20, false>(ac_int<20, false> const&)' into 'ac_int<32, true>& ac_int<32, true>::set_slc<20, false>(int, ac_int<20, false> const&)' (../design_files/ac_int.h:2456:0)
INFO: [HLS 214-178] Inlining function 'void ac_private::iv<1>::set_slc<1>(unsigned int, int, ac_private::iv<1> const&)' into 'ac_int<32, true>& ac_int<32, true>::set_slc<20, false>(int, ac_int<20, false> const&)' (../design_files/ac_int.h:2456:0)
INFO: [HLS 214-178] Inlining function 'ac_int<32, true>::bit_adjust() (.195.201.207)' into 'ac_int<32, true>& ac_int<32, true>::set_slc<20, false>(int, ac_int<20, false> const&)' (../design_files/ac_int.h:2456:0)
INFO: [HLS 214-178] Inlining function 'ac_private::iv_conv<1, false, true>::iv_conv<int>(int const&)' into 'ac_int<21, false>::ac_int(int)' (../design_files/ac_int.h:2029:0)
INFO: [HLS 214-178] Inlining function 'ac_int<21, false>::bit_adjust() (.700)' into 'ac_int<21, false>::ac_int(int)' (../design_files/ac_int.h:2029:0)
INFO: [HLS 214-178] Inlining function 'void ac_private::iv<2>::shift_r<1>(unsigned int, ac_private::iv<1>&) const (.353.679)' into 'ac_int<8, false> ac_int<32, false>::slc<8>(int) const (.364.660)' (../design_files/ac_int.h:2430:0)
INFO: [HLS 214-178] Inlining function 'ac_int<8, false>::bit_adjust() (.367.373.387)' into 'ac_int<8, false> ac_int<32, false>::slc<8>(int) const (.364.660)' (../design_files/ac_int.h:2430:0)
INFO: [HLS 214-178] Inlining function 'ac_int<8, true>::bit_adjust() (.146.152.158)' into 'ac_int<8, true>::ac_int<8, false>(ac_int<8, false> const&) (.143)' (../design_files/ac_int.h:2018:0)
INFO: [HLS 214-178] Inlining function 'ac_int<8, true>::ac_int<8, false>(ac_int<8, false> const&) (.143)' into 'ac_int<21, false>& ac_int<21, false>::set_slc<8, false>(int, ac_int<8, false> const&)' (../design_files/ac_int.h:2456:0)
INFO: [HLS 214-178] Inlining function 'void ac_private::iv<1>::set_slc<1>(unsigned int, int, ac_private::iv<1> const&)' into 'ac_int<21, false>& ac_int<21, false>::set_slc<8, false>(int, ac_int<8, false> const&)' (../design_files/ac_int.h:2456:0)
INFO: [HLS 214-178] Inlining function 'ac_int<21, false>::bit_adjust() (.700)' into 'ac_int<21, false>& ac_int<21, false>::set_slc<8, false>(int, ac_int<8, false> const&)' (../design_files/ac_int.h:2456:0)
INFO: [HLS 214-178] Inlining function 'void ac_private::iv<2>::shift_r<1>(unsigned int, ac_private::iv<1>&) const (.353.679)' into 'ac_int<10, false> ac_int<32, false>::slc<10>(int) const' (../design_files/ac_int.h:2430:0)
INFO: [HLS 214-178] Inlining function 'ac_int<10, false>::bit_adjust()' into 'ac_int<10, false> ac_int<32, false>::slc<10>(int) const' (../design_files/ac_int.h:2430:0)
INFO: [HLS 214-178] Inlining function 'ac_int<10, true>::bit_adjust()' into 'ac_int<10, true>::ac_int<10, false>(ac_int<10, false> const&)' (../design_files/ac_int.h:2018:0)
INFO: [HLS 214-178] Inlining function 'ac_int<10, true>::ac_int<10, false>(ac_int<10, false> const&)' into 'ac_int<21, false>& ac_int<21, false>::set_slc<10, false>(int, ac_int<10, false> const&)' (../design_files/ac_int.h:2456:0)
INFO: [HLS 214-178] Inlining function 'void ac_private::iv<1>::set_slc<1>(unsigned int, int, ac_private::iv<1> const&)' into 'ac_int<21, false>& ac_int<21, false>::set_slc<10, false>(int, ac_int<10, false> const&)' (../design_files/ac_int.h:2456:0)
INFO: [HLS 214-178] Inlining function 'ac_int<21, false>::bit_adjust() (.700)' into 'ac_int<21, false>& ac_int<21, false>::set_slc<10, false>(int, ac_int<10, false> const&)' (../design_files/ac_int.h:2456:0)
INFO: [HLS 214-178] Inlining function 'ac_private::iv_conv<1, true, true>::iv_conv<int>(int const&)' into 'ac_int<21, true>::ac_int(int)' (../design_files/ac_int.h:2029:0)
INFO: [HLS 214-178] Inlining function 'ac_int<21, true>::bit_adjust()' into 'ac_int<21, true>::ac_int(int)' (../design_files/ac_int.h:2029:0)
INFO: [HLS 214-178] Inlining function 'ac_int<21, true>::bit_adjust()' into 'ac_int<21, true>::ac_int<21, false>(ac_int<21, false> const&)' (../design_files/ac_int.h:2018:0)
INFO: [HLS 214-178] Inlining function 'ac_int<21, true>::ac_int<21, false>(ac_int<21, false> const&)' into 'ac_int<21, true>& ac_int<21, true>::set_slc<21, false>(int, ac_int<21, false> const&)' (../design_files/ac_int.h:2456:0)
INFO: [HLS 214-178] Inlining function 'void ac_private::iv<1>::set_slc<1>(unsigned int, int, ac_private::iv<1> const&)' into 'ac_int<21, true>& ac_int<21, true>::set_slc<21, false>(int, ac_int<21, false> const&)' (../design_files/ac_int.h:2456:0)
INFO: [HLS 214-178] Inlining function 'ac_int<21, true>::bit_adjust()' into 'ac_int<21, true>& ac_int<21, true>::set_slc<21, false>(int, ac_int<21, false> const&)' (../design_files/ac_int.h:2456:0)
INFO: [HLS 214-178] Inlining function 'ac_private::iv<1>::to_uint64() const (.604)' into 'ac_private::iv_conv<1, false, true>::operator unsigned long long() const (.598.601.624.628.1367.1697.1716.1774.2054.2106)' (../design_files/ac_int.h:1597:0)
INFO: [HLS 214-178] Inlining function 'void ac_private::iv_copy<1>(int const*, int*) (.2257)' into 'ac_private::iv<2>::iv<1>(ac_private::iv<1> const&)' (../design_files/ac_int.h:1424:0)
INFO: [HLS 214-178] Inlining function 'void ac_private::iv_extend<1>(int*, int)' into 'ac_private::iv<2>::iv<1>(ac_private::iv<1> const&)' (../design_files/ac_int.h:1424:0)
INFO: [HLS 214-178] Inlining function 'ac_private::iv<2>::iv<1>(ac_private::iv<1> const&)' into 'ac_int<32, false>::ac_int<32, true>(ac_int<32, true> const&) (.284.287.299.907.981.995.1103.1148.1153.1184.1189.1194.1199.1242)' (../design_files/ac_int.h:2018:0)
INFO: [HLS 214-178] Inlining function 'ac_int<32, false>::bit_adjust() (.59.65.71)' into 'ac_int<32, false>::ac_int<32, true>(ac_int<32, true> const&) (.284.287.299.907.981.995.1103.1148.1153.1184.1189.1194.1199.1242)' (../design_files/ac_int.h:2018:0)
INFO: [HLS 214-178] Inlining function 'void ac_private::iv_copy<1>(int const*, int*)' into 'ac_private::iv<1>::iv<2>(ac_private::iv<2> const&) (.181.266)' (../design_files/ac_int.h:1424:0)
INFO: [HLS 214-178] Inlining function 'ac_private::iv<1>::iv<2>(ac_private::iv<2> const&) (.181.266)' into 'ac_int<32, true>::ac_int<32, false>(ac_int<32, false> const&) (.192.198.208.219.221.225.229.234.236.241.281.291.300.1756)' (../design_files/ac_int.h:2018:0)
INFO: [HLS 214-178] Inlining function 'ac_int<32, true>::bit_adjust() (.195.201.207)' into 'ac_int<32, true>::ac_int<32, false>(ac_int<32, false> const&) (.192.198.208.219.221.225.229.234.236.241.281.291.300.1756)' (../design_files/ac_int.h:2018:0)
INFO: [HLS 214-178] Inlining function 'ac_private::iv<1>::iv<2>(ac_private::iv<2> const&) (.181.266)' into 'ac_int<32, true>::ac_int<34, true>(ac_int<34, true> const&)' (../design_files/ac_int.h:2018:0)
INFO: [HLS 214-178] Inlining function 'ac_int<32, true>::bit_adjust() (.195.201.207)' into 'ac_int<32, true>::ac_int<34, true>(ac_int<34, true> const&)' (../design_files/ac_int.h:2018:0)
INFO: [HLS 214-178] Inlining function 'void ac_private::iv<2>::add<1, 2>(ac_private::iv<1> const&, ac_private::iv<2>&) const (.250.1740)' into 'ac_int<32, false>::rt<21, true>::plus ac_int<32, false>::operator+<21, true>(ac_int<21, true> const&) const' (../design_files/ac_int.h:2139:0)
INFO: [HLS 214-178] Inlining function 'ac_int<32, true>::bit_adjust() (.195.201.207)' into 'ac_int<32, true>::ac_int<12, true>(ac_int<12, true> const&)' (../design_files/ac_int.h:2018:0)
INFO: [HLS 214-178] Inlining function 'ac_int<32, true>::bit_adjust() (.195.201.207)' into 'ac_int<32, true>::ac_int<13, true>(ac_int<13, true> const&)' (../design_files/ac_int.h:2018:0)
INFO: [HLS 214-178] Inlining function 'bool ac_private::iv_equal<1, 1>(int const*, int const*)' into 'bool ac_private::iv<1>::equal<1>(ac_private::iv<1> const&) const (.188)' (../design_files/ac_int.h:1514:0)
INFO: [HLS 214-178] Inlining function 'bool ac_private::iv<1>::equal<1>(ac_private::iv<1> const&) const (.188)' into 'bool ac_int<5, false>::operator==<32, true>(ac_int<32, true> const&) const' (../design_files/ac_int.h:2411:0)
INFO: [HLS 214-178] Inlining function 'bool ac_int<5, false>::operator==<32, true>(ac_int<32, true> const&) const' into 'bool ac::ops_with_other_types::operator==<5, false>(ac_int<5, false> const&, int)' (../design_files/ac_int.h:2956:0)
INFO: [HLS 214-178] Inlining function 'ac_int<3, false> ac_int<32, false>::slc<3>(int) const' into 'decode(FtoDC, DCtoEx&, ac_int<32, true> const*)' (../design_files/core.cpp:30:0)
INFO: [HLS 214-178] Inlining function 'ac_int<12, false>::ac_int(int)' into 'decode(FtoDC, DCtoEx&, ac_int<32, true> const*)' (../design_files/core.cpp:30:0)
INFO: [HLS 214-178] Inlining function 'ac_int<12, false>& ac_int<12, false>::set_slc<7, false>(int, ac_int<7, false> const&)' into 'decode(FtoDC, DCtoEx&, ac_int<32, true> const*)' (../design_files/core.cpp:30:0)
INFO: [HLS 214-178] Inlining function 'ac_int<12, false>& ac_int<12, false>::set_slc<5, false>(int, ac_int<5, false> const&)' into 'decode(FtoDC, DCtoEx&, ac_int<32, true> const*)' (../design_files/core.cpp:30:0)
INFO: [HLS 214-178] Inlining function 'ac_int<12, false> ac_int<32, false>::slc<12>(int) const' into 'decode(FtoDC, DCtoEx&, ac_int<32, true> const*)' (../design_files/core.cpp:30:0)
INFO: [HLS 214-178] Inlining function 'ac_int<12, true>::ac_int<12, false>(ac_int<12, false> const&)' into 'decode(FtoDC, DCtoEx&, ac_int<32, true> const*)' (../design_files/core.cpp:30:0)
INFO: [HLS 214-178] Inlining function 'ac_int<12, true>::ac_int(int)' into 'decode(FtoDC, DCtoEx&, ac_int<32, true> const*)' (../design_files/core.cpp:30:0)
INFO: [HLS 214-178] Inlining function 'ac_int<12, false> ac_int<12, false>::slc<12>(int) const' into 'decode(FtoDC, DCtoEx&, ac_int<32, true> const*)' (../design_files/core.cpp:30:0)
INFO: [HLS 214-178] Inlining function 'ac_int<12, true>& ac_int<12, true>::set_slc<12, false>(int, ac_int<12, false> const&)' into 'decode(FtoDC, DCtoEx&, ac_int<32, true> const*)' (../design_files/core.cpp:30:0)
INFO: [HLS 214-178] Inlining function 'ac_int<13, false>::ac_int(int)' into 'decode(FtoDC, DCtoEx&, ac_int<32, true> const*)' (../design_files/core.cpp:30:0)
INFO: [HLS 214-178] Inlining function 'ac_int<32, false>::operator[](int) const (.652)' into 'decode(FtoDC, DCtoEx&, ac_int<32, true> const*)' (../design_files/core.cpp:30:0)
INFO: [HLS 214-178] Inlining function 'ac_int<13, false>::bit_adjust() (.727)' into 'decode(FtoDC, DCtoEx&, ac_int<32, true> const*)' (../design_files/core.cpp:30:0)
INFO: [HLS 214-178] Inlining function 'ac_int<6, false> ac_int<32, false>::slc<6>(int) const' into 'decode(FtoDC, DCtoEx&, ac_int<32, true> const*)' (../design_files/core.cpp:30:0)
INFO: [HLS 214-178] Inlining function 'ac_int<13, false>& ac_int<13, false>::set_slc<6, false>(int, ac_int<6, false> const&)' into 'decode(FtoDC, DCtoEx&, ac_int<32, true> const*)' (../design_files/core.cpp:30:0)
INFO: [HLS 214-178] Inlining function 'ac_int<4, false> ac_int<32, false>::slc<4>(int) const' into 'decode(FtoDC, DCtoEx&, ac_int<32, true> const*)' (../design_files/core.cpp:30:0)
INFO: [HLS 214-178] Inlining function 'ac_int<13, false>& ac_int<13, false>::set_slc<4, false>(int, ac_int<4, false> const&)' into 'decode(FtoDC, DCtoEx&, ac_int<32, true> const*)' (../design_files/core.cpp:30:0)
INFO: [HLS 214-178] Inlining function 'ac_int<13, true>::ac_int(int)' into 'decode(FtoDC, DCtoEx&, ac_int<32, true> const*)' (../design_files/core.cpp:30:0)
INFO: [HLS 214-178] Inlining function 'ac_int<13, true>& ac_int<13, true>::set_slc<13, false>(int, ac_int<13, false> const&)' into 'decode(FtoDC, DCtoEx&, ac_int<32, true> const*)' (../design_files/core.cpp:30:0)
INFO: [HLS 214-178] Inlining function 'ac_int<32, true>::ac_int(int)' into 'decode(FtoDC, DCtoEx&, ac_int<32, true> const*)' (../design_files/core.cpp:30:0)
INFO: [HLS 214-178] Inlining function 'ac_int<20, false> ac_int<32, false>::slc<20>(int) const' into 'decode(FtoDC, DCtoEx&, ac_int<32, true> const*)' (../design_files/core.cpp:30:0)
INFO: [HLS 214-178] Inlining function 'ac_int<32, true>& ac_int<32, true>::set_slc<20, false>(int, ac_int<20, false> const&)' into 'decode(FtoDC, DCtoEx&, ac_int<32, true> const*)' (../design_files/core.cpp:30:0)
INFO: [HLS 214-178] Inlining function 'ac_int<21, false>::ac_int(int)' into 'decode(FtoDC, DCtoEx&, ac_int<32, true> const*)' (../design_files/core.cpp:30:0)
INFO: [HLS 214-178] Inlining function 'ac_int<8, false> ac_int<32, false>::slc<8>(int) const (.364.660)' into 'decode(FtoDC, DCtoEx&, ac_int<32, true> const*)' (../design_files/core.cpp:30:0)
INFO: [HLS 214-178] Inlining function 'ac_int<21, false>& ac_int<21, false>::set_slc<8, false>(int, ac_int<8, false> const&)' into 'decode(FtoDC, DCtoEx&, ac_int<32, true> const*)' (../design_files/core.cpp:30:0)
INFO: [HLS 214-178] Inlining function 'ac_int<21, false>::bit_adjust() (.700)' into 'decode(FtoDC, DCtoEx&, ac_int<32, true> const*)' (../design_files/core.cpp:30:0)
INFO: [HLS 214-178] Inlining function 'ac_int<10, false> ac_int<32, false>::slc<10>(int) const' into 'decode(FtoDC, DCtoEx&, ac_int<32, true> const*)' (../design_files/core.cpp:30:0)
INFO: [HLS 214-178] Inlining function 'ac_int<21, false>& ac_int<21, false>::set_slc<10, false>(int, ac_int<10, false> const&)' into 'decode(FtoDC, DCtoEx&, ac_int<32, true> const*)' (../design_files/core.cpp:30:0)
INFO: [HLS 214-178] Inlining function 'ac_int<21, true>::ac_int(int)' into 'decode(FtoDC, DCtoEx&, ac_int<32, true> const*)' (../design_files/core.cpp:30:0)
INFO: [HLS 214-178] Inlining function 'ac_int<21, true>& ac_int<21, true>::set_slc<21, false>(int, ac_int<21, false> const&)' into 'decode(FtoDC, DCtoEx&, ac_int<32, true> const*)' (../design_files/core.cpp:30:0)
INFO: [HLS 214-178] Inlining function 'ac_private::iv_conv<1, false, true>::operator unsigned long long() const (.598.601.624.628.1367.1697.1716.1774.2054.2106)' into 'decode(FtoDC, DCtoEx&, ac_int<32, true> const*)' (../design_files/core.cpp:30:0)
INFO: [HLS 214-178] Inlining function 'ac_int<32, false>::ac_int<32, true>(ac_int<32, true> const&) (.284.287.299.907.981.995.1103.1148.1153.1184.1189.1194.1199.1242)' into 'decode(FtoDC, DCtoEx&, ac_int<32, true> const*)' (../design_files/core.cpp:30:0)
INFO: [HLS 214-178] Inlining function 'ac_int<32, true>::ac_int<32, false>(ac_int<32, false> const&) (.192.198.208.219.221.225.229.234.236.241.281.291.300.1756)' into 'decode(FtoDC, DCtoEx&, ac_int<32, true> const*)' (../design_files/core.cpp:30:0)
INFO: [HLS 214-178] Inlining function 'ac_int<32, false>::rt<32, true>::plus ac::ops_with_other_types::operator+<32, false>(ac_int<32, false> const&, int)' into 'decode(FtoDC, DCtoEx&, ac_int<32, true> const*)' (../design_files/core.cpp:30:0)
INFO: [HLS 214-178] Inlining function 'ac_int<32, true>::ac_int<34, true>(ac_int<34, true> const&)' into 'decode(FtoDC, DCtoEx&, ac_int<32, true> const*)' (../design_files/core.cpp:30:0)
INFO: [HLS 214-178] Inlining function 'ac_int<32, false>::rt<21, true>::plus ac_int<32, false>::operator+<21, true>(ac_int<21, true> const&) const' into 'decode(FtoDC, DCtoEx&, ac_int<32, true> const*)' (../design_files/core.cpp:30:0)
INFO: [HLS 214-178] Inlining function 'ac_int<32, false>::ac_int<34, true>(ac_int<34, true> const&)' into 'decode(FtoDC, DCtoEx&, ac_int<32, true> const*)' (../design_files/core.cpp:30:0)
INFO: [HLS 214-178] Inlining function 'ac_int<32, true>::ac_int<12, true>(ac_int<12, true> const&)' into 'decode(FtoDC, DCtoEx&, ac_int<32, true> const*)' (../design_files/core.cpp:30:0)
INFO: [HLS 214-178] Inlining function 'ac_int<32, true>::ac_int<13, true>(ac_int<13, true> const&)' into 'decode(FtoDC, DCtoEx&, ac_int<32, true> const*)' (../design_files/core.cpp:30:0)
INFO: [HLS 214-178] Inlining function 'bool ac::ops_with_other_types::operator==<5, false>(ac_int<5, false> const&, int)' into 'decode(FtoDC, DCtoEx&, ac_int<32, true> const*)' (../design_files/core.cpp:30:0)
INFO: [HLS 214-178] Inlining function 'void ac_private::iv_assign_int64<2>(int*, long long)' into 'void ac_private::iv_add<1, 1, 2>(int const*, int const*, int*)' (../design_files/ac_int.h:662:0)
INFO: [HLS 214-178] Inlining function 'void ac_private::iv_add<1, 1, 2>(int const*, int const*, int*)' into 'void ac_private::iv<1>::add<1, 2>(ac_private::iv<1> const&, ac_private::iv<2>&) const (.1059.1495.1663)' (../design_files/ac_int.h:1482:0)
INFO: [HLS 214-178] Inlining function 'void ac_private::iv<1>::add<1, 2>(ac_private::iv<1> const&, ac_private::iv<2>&) const (.1059.1495.1663)' into 'ac_int<32, true>::rt<32, true>::plus ac_int<32, true>::operator+<32, true>(ac_int<32, true> const&) const' (../design_files/ac_int.h:2139:0)
INFO: [HLS 214-178] Inlining function 'ac_private::iv<1>::iv<2>(ac_private::iv<2> const&) (.181.266)' into 'ac_int<32, true>::ac_int<33, true>(ac_int<33, true> const&)' (../design_files/ac_int.h:2018:0)
INFO: [HLS 214-178] Inlining function 'ac_int<32, true>::bit_adjust() (.195.201.207)' into 'ac_int<32, true>::ac_int<33, true>(ac_int<33, true> const&)' (../design_files/ac_int.h:2018:0)
INFO: [HLS 214-178] Inlining function 'ac_int<32, false>::bit_adjust() (.59.65.71)' into 'ac_int<32, false>::ac_int<33, true>(ac_int<33, true> const&)' (../design_files/ac_int.h:2018:0)
INFO: [HLS 214-178] Inlining function 'bool ac_private::iv<1>::equal<1>(ac_private::iv<1> const&) const (.188)' into 'bool ac_int<32, true>::operator==<32, true>(ac_int<32, true> const&) const' (../design_files/ac_int.h:2411:0)
INFO: [HLS 214-178] Inlining function 'bool ac_private::iv<1>::equal<1>(ac_private::iv<1> const&) const (.188)' into 'bool ac_int<32, true>::operator!=<32, true>(ac_int<32, true> const&) const' (../design_files/ac_int.h:2412:0)
INFO: [HLS 214-178] Inlining function 'bool ac_private::iv_compare<1, 1, false>(int const*, int const*)' into 'bool ac_private::iv<1>::less_than<1>(ac_private::iv<1> const&) const (.1509.1657)' (../design_files/ac_int.h:1516:0)
INFO: [HLS 214-178] Inlining function 'bool ac_private::iv<1>::less_than<1>(ac_private::iv<1> const&) const (.1509.1657)' into 'bool ac_int<32, true>::operator<<32, true>(ac_int<32, true> const&) const' (../design_files/ac_int.h:2413:0)
INFO: [HLS 214-178] Inlining function 'bool ac_private::iv<1>::less_than<1>(ac_private::iv<1> const&) const (.1509.1657)' into 'bool ac_int<32, true>::operator>=<32, true>(ac_int<32, true> const&) const' (../design_files/ac_int.h:2414:0)
INFO: [HLS 214-178] Inlining function 'void ac_private::iv_copy<1>(int const*, int*)' into 'ac_private::iv<2>::iv<1>(ac_private::iv<1> const&) (.772)' (../design_files/ac_int.h:1424:0)
INFO: [HLS 214-178] Inlining function 'void ac_private::iv_extend<1>(int*, int)' into 'ac_private::iv<2>::iv<1>(ac_private::iv<1> const&) (.772)' (../design_files/ac_int.h:1424:0)
INFO: [HLS 214-178] Inlining function 'ac_private::iv<2>::iv<1>(ac_private::iv<1> const&) (.772)' into 'ac_int<32, false>::ac_int<32, true>(ac_int<32, true> const&) (.757.766.844.2095)' (../design_files/ac_int.h:2018:0)
INFO: [HLS 214-178] Inlining function 'ac_int<32, false>::bit_adjust() (.59.65.71)' into 'ac_int<32, false>::ac_int<32, true>(ac_int<32, true> const&) (.757.766.844.2095)' (../design_files/ac_int.h:2018:0)
INFO: [HLS 214-178] Inlining function 'bool ac_private::iv_compare<2, 2, false>(int const*, int const*)' into 'bool ac_private::iv<2>::less_than<2>(ac_private::iv<2> const&) const (.990.1004)' (../design_files/ac_int.h:1516:0)
INFO: [HLS 214-178] Inlining function 'bool ac_private::iv<2>::less_than<2>(ac_private::iv<2> const&) const (.990.1004)' into 'bool ac_int<32, false>::operator<<32, false>(ac_int<32, false> const&) const' (../design_files/ac_int.h:2413:0)
INFO: [HLS 214-178] Inlining function 'bool ac_private::iv<2>::less_than<2>(ac_private::iv<2> const&) const (.990.1004)' into 'bool ac_int<32, false>::operator>=<32, false>(ac_int<32, false> const&) const' (../design_files/ac_int.h:2414:0)
INFO: [HLS 214-178] Inlining function 'ac_private::iv<1>::iv(int) (.326)' into 'ac_private::iv_conv<1, true, true>::iv_conv<bool>(bool const&) (.1014.1020)' (../design_files/ac_int.h:1610:0)
INFO: [HLS 214-178] Inlining function 'ac_private::iv_conv<1, true, true>::iv_conv<bool>(bool const&) (.1014.1020)' into 'ac_int<32, true>::ac_int(bool)' (../design_files/ac_int.h:2023:0)
INFO: [HLS 214-178] Inlining function 'ac_int<32, true>::bit_adjust() (.195.201.207)' into 'ac_int<32, true>::ac_int(bool)' (../design_files/ac_int.h:2023:0)
INFO: [HLS 214-178] Inlining function 'void ac_private::iv_bitwise_xor_n<1>(int const*, int const*, int*)' into 'void ac_private::iv_bitwise_xor<1, 1, 1>(int const*, int const*, int*)' (../design_files/ac_int.h:1091:0)
INFO: [HLS 214-178] Inlining function 'void ac_private::iv_bitwise_xor<1, 1, 1>(int const*, int const*, int*)' into 'void ac_private::iv<1>::bitwise_xor<1, 1>(ac_private::iv<1> const&, ac_private::iv<1>&) const (.977.1516.1651)' (../design_files/ac_int.h:1511:0)
INFO: [HLS 214-178] Inlining function 'void ac_private::iv<1>::bitwise_xor<1, 1>(ac_private::iv<1> const&, ac_private::iv<1>&) const (.977.1516.1651)' into 'ac_int<32, true>::rt<32, true>::logic ac_int<32, true>::operator^<32, true>(ac_int<32, true> const&) const' (../design_files/ac_int.h:2318:0)
INFO: [HLS 214-178] Inlining function 'void ac_private::iv_bitwise_or_n<1>(int const*, int const*, int*)' into 'void ac_private::iv_bitwise_or<1, 1, 1>(int const*, int const*, int*)' (../design_files/ac_int.h:1061:0)
INFO: [HLS 214-178] Inlining function 'void ac_private::iv_bitwise_or<1, 1, 1>(int const*, int const*, int*)' into 'void ac_private::iv<1>::bitwise_or<1, 1>(ac_private::iv<1> const&, ac_private::iv<1>&) const (.841.1522.1639)' (../design_files/ac_int.h:1507:0)
INFO: [HLS 214-178] Inlining function 'void ac_private::iv<1>::bitwise_or<1, 1>(ac_private::iv<1> const&, ac_private::iv<1>&) const (.841.1522.1639)' into 'ac_int<32, true>::rt<32, true>::logic ac_int<32, true>::operator|<32, true>(ac_int<32, true> const&) const' (../design_files/ac_int.h:2312:0)
INFO: [HLS 214-178] Inlining function 'void ac_private::iv_bitwise_and_n<1>(int const*, int const*, int*)' into 'void ac_private::iv_bitwise_and<1, 1, 1>(int const*, int const*, int*)' (../design_files/ac_int.h:1031:0)
INFO: [HLS 214-178] Inlining function 'void ac_private::iv_bitwise_and<1, 1, 1>(int const*, int const*, int*)' into 'void ac_private::iv<1>::bitwise_and<1, 1>(ac_private::iv<1> const&, ac_private::iv<1>&) const (.1957)' (../design_files/ac_int.h:1503:0)
INFO: [HLS 214-178] Inlining function 'void ac_private::iv<1>::bitwise_and<1, 1>(ac_private::iv<1> const&, ac_private::iv<1>&) const (.1957)' into 'ac_int<32, true>::rt<32, true>::logic ac_int<32, true>::operator&<32, true>(ac_int<32, true> const&) const' (../design_files/ac_int.h:2306:0)
INFO: [HLS 214-178] Inlining function 'ac_int<5, false>::bit_adjust() (.530.536.546)' into 'ac_int<5, false>::ac_int<32, true>(ac_int<32, true> const&)' (../design_files/ac_int.h:2018:0)
INFO: [HLS 214-178] Inlining function 'void ac_private::iv_shift_l<1, 1>(int const*, unsigned int, int*)' into 'void ac_private::iv<1>::shift_l<1>(unsigned int, ac_private::iv<1>&) const (.1045.1690)' (../design_files/ac_int.h:1495:0)
INFO: [HLS 214-178] Inlining function 'ac_int<5, false>::to_uint() const (.882.894.900)' into 'ac_int<32, true> ac_int<32, true>::operator<<<5>(ac_int<5, false> const&) const' (../design_files/ac_int.h:2357:0)
INFO: [HLS 214-178] Inlining function 'void ac_private::iv<1>::shift_l<1>(unsigned int, ac_private::iv<1>&) const (.1045.1690)' into 'ac_int<32, true> ac_int<32, true>::operator<<<5>(ac_int<5, false> const&) const' (../design_files/ac_int.h:2357:0)
INFO: [HLS 214-178] Inlining function 'ac_int<32, true>::bit_adjust() (.195.201.207)' into 'ac_int<32, true> ac_int<32, true>::operator<<<5>(ac_int<5, false> const&) const' (../design_files/ac_int.h:2357:0)
INFO: [HLS 214-178] Inlining function 'void ac_private::iv<1>::shift_r<1>(unsigned int, ac_private::iv<1>&) const (.480)' into 'ac_int<5, true> ac_int<32, true>::slc<5>(int) const' (../design_files/ac_int.h:2430:0)
INFO: [HLS 214-178] Inlining function 'ac_int<5, true>::bit_adjust() (.84)' into 'ac_int<5, true> ac_int<32, true>::slc<5>(int) const' (../design_files/ac_int.h:2430:0)
INFO: [HLS 214-178] Inlining function 'ac_int<5, false>::bit_adjust() (.530.536.546)' into 'ac_int<5, false>::ac_int<5, true>(ac_int<5, true> const&)' (../design_files/ac_int.h:2018:0)
INFO: [HLS 214-178] Inlining function 'ac_int<5, false>::to_uint() const (.882.894.900)' into 'ac_int<32, true> ac_int<32, true>::operator>><5>(ac_int<5, false> const&) const' (../design_files/ac_int.h:2371:0)
INFO: [HLS 214-178] Inlining function 'void ac_private::iv<1>::shift_r<1>(unsigned int, ac_private::iv<1>&) const (.480)' into 'ac_int<32, true> ac_int<32, true>::operator>><5>(ac_int<5, false> const&) const' (../design_files/ac_int.h:2371:0)
INFO: [HLS 214-178] Inlining function 'ac_int<32, true>::bit_adjust() (.195.201.207)' into 'ac_int<32, true> ac_int<32, true>::operator>><5>(ac_int<5, false> const&) const' (../design_files/ac_int.h:2371:0)
INFO: [HLS 214-178] Inlining function 'void ac_private::iv_shift_r<2, 2>(int const*, unsigned int, int*)' into 'void ac_private::iv<2>::shift_r<2>(unsigned int, ac_private::iv<2>&) const (.916.935)' (../design_files/ac_int.h:1497:0)
INFO: [HLS 214-178] Inlining function 'ac_int<5, false>::to_uint() const (.882.894.900)' into 'ac_int<32, false> ac_int<32, false>::operator>><5>(ac_int<5, false> const&) const' (../design_files/ac_int.h:2371:0)
INFO: [HLS 214-178] Inlining function 'void ac_private::iv<2>::shift_r<2>(unsigned int, ac_private::iv<2>&) const (.916.935)' into 'ac_int<32, false> ac_int<32, false>::operator>><5>(ac_int<5, false> const&) const' (../design_files/ac_int.h:2371:0)
INFO: [HLS 214-178] Inlining function 'ac_int<32, false>::bit_adjust() (.59.65.71)' into 'ac_int<32, false> ac_int<32, false>::operator>><5>(ac_int<5, false> const&) const' (../design_files/ac_int.h:2371:0)
INFO: [HLS 214-178] Inlining function 'void ac_private::iv_assign_int64<2>(int*, long long)' into 'void ac_private::iv_sub<1, 1, 2>(int const*, int const*, int*)' (../design_files/ac_int.h:774:0)
INFO: [HLS 214-178] Inlining function 'void ac_private::iv_sub<1, 1, 2>(int const*, int const*, int*)' into 'void ac_private::iv<1>::sub<1, 2>(ac_private::iv<1> const&, ac_private::iv<2>&) const' (../design_files/ac_int.h:1483:0)
INFO: [HLS 214-178] Inlining function 'void ac_private::iv<1>::sub<1, 2>(ac_private::iv<1> const&, ac_private::iv<2>&) const' into 'ac_int<32, true>::rt<32, true>::minus ac_int<32, true>::operator-<32, true>(ac_int<32, true> const&) const' (../design_files/ac_int.h:2145:0)
INFO: [HLS 214-178] Inlining function 'void ac_private::iv_bitwise_complement_n<1>(int const*, int*)' into 'void ac_private::iv_bitwise_complement<1, 1>(int const*, int*)' (../design_files/ac_int.h:1009:0)
INFO: [HLS 214-178] Inlining function 'void ac_private::iv_bitwise_complement<1, 1>(int const*, int*)' into 'void ac_private::iv<1>::bitwise_complement<1>(ac_private::iv<1>&) const (.778.1549)' (../design_files/ac_int.h:1501:0)
INFO: [HLS 214-178] Inlining function 'void ac_private::iv<1>::bitwise_complement<1>(ac_private::iv<1>&) const (.778.1549)' into 'ac_int<32, true>::operator~() const' (../design_files/ac_int.h:2291:0)
INFO: [HLS 214-178] Inlining function 'void ac_private::iv_bitwise_and_n<1>(int const*, int const*, int*)' into 'void ac_private::iv_bitwise_and<1, 2, 2>(int const*, int const*, int*)' (../design_files/ac_int.h:1031:0)
INFO: [HLS 214-178] Inlining function 'void ac_private::iv_copy<1>(int const*, int*)' into 'void ac_private::iv_bitwise_and<1, 2, 2>(int const*, int const*, int*)' (../design_files/ac_int.h:1031:0)
INFO: [HLS 214-178] Inlining function 'void ac_private::iv_extend<1>(int*, int)' into 'void ac_private::iv_bitwise_and<1, 2, 2>(int const*, int const*, int*)' (../design_files/ac_int.h:1031:0)
INFO: [HLS 214-178] Inlining function 'void ac_private::iv_bitwise_and<1, 2, 2>(int const*, int const*, int*)' into 'void ac_private::iv<1>::bitwise_and<2, 2>(ac_private::iv<2> const&, ac_private::iv<2>&) const (.799.817.1680)' (../design_files/ac_int.h:1503:0)
INFO: [HLS 214-178] Inlining function 'void ac_private::iv<1>::bitwise_and<2, 2>(ac_private::iv<2> const&, ac_private::iv<2>&) const (.799.817.1680)' into 'ac_int<32, true>::rt<32, false>::logic ac_int<32, true>::operator&<32, false>(ac_int<32, false> const&) const' (../design_files/ac_int.h:2306:0)
INFO: [HLS 214-178] Inlining function 'ac_private::iv_conv<1, false, true>::operator unsigned long long() const (.598.601.624.628.1367.1697.1716.1774.2054.2106)' into 'execute(DCtoEx, ExtoMem&)' (../design_files/core.cpp:207:0)
INFO: [HLS 214-178] Inlining function 'ac_int<32, true>::rt<32, true>::plus ac_int<32, true>::operator+<32, true>(ac_int<32, true> const&) const' into 'execute(DCtoEx, ExtoMem&)' (../design_files/core.cpp:207:0)
INFO: [HLS 214-178] Inlining function 'ac_int<32, true>::ac_int<33, true>(ac_int<33, true> const&)' into 'execute(DCtoEx, ExtoMem&)' (../design_files/core.cpp:207:0)
INFO: [HLS 214-178] Inlining function 'ac_int<32, false>::ac_int<33, true>(ac_int<33, true> const&)' into 'execute(DCtoEx, ExtoMem&)' (../design_files/core.cpp:207:0)
INFO: [HLS 214-178] Inlining function 'ac_int<32, false>::rt<32, true>::plus ac::ops_with_other_types::operator+<32, false>(ac_int<32, false> const&, int)' into 'execute(DCtoEx, ExtoMem&)' (../design_files/core.cpp:207:0)
INFO: [HLS 214-178] Inlining function 'ac_int<32, true>::ac_int<34, true>(ac_int<34, true> const&)' into 'execute(DCtoEx, ExtoMem&)' (../design_files/core.cpp:207:0)
INFO: [HLS 214-178] Inlining function 'ac_int<32, false>::rt<32, true>::plus ac_int<32, false>::operator+<32, true>(ac_int<32, true> const&) const (.1723.1733.1737)' into 'execute(DCtoEx, ExtoMem&)' (../design_files/core.cpp:207:0)
INFO: [HLS 214-178] Inlining function 'ac_int<32, false>::ac_int<34, true>(ac_int<34, true> const&)' into 'execute(DCtoEx, ExtoMem&)' (../design_files/core.cpp:207:0)
INFO: [HLS 214-178] Inlining function 'bool ac_int<32, true>::operator==<32, true>(ac_int<32, true> const&) const' into 'execute(DCtoEx, ExtoMem&)' (../design_files/core.cpp:207:0)
INFO: [HLS 214-178] Inlining function 'bool ac_int<32, true>::operator!=<32, true>(ac_int<32, true> const&) const' into 'execute(DCtoEx, ExtoMem&)' (../design_files/core.cpp:207:0)
INFO: [HLS 214-178] Inlining function 'bool ac_int<32, true>::operator<<32, true>(ac_int<32, true> const&) const' into 'execute(DCtoEx, ExtoMem&)' (../design_files/core.cpp:207:0)
INFO: [HLS 214-178] Inlining function 'bool ac_int<32, true>::operator>=<32, true>(ac_int<32, true> const&) const' into 'execute(DCtoEx, ExtoMem&)' (../design_files/core.cpp:207:0)
INFO: [HLS 214-178] Inlining function 'ac_int<32, false>::ac_int<32, true>(ac_int<32, true> const&) (.757.766.844.2095)' into 'execute(DCtoEx, ExtoMem&)' (../design_files/core.cpp:207:0)
INFO: [HLS 214-178] Inlining function 'bool ac_int<32, false>::operator<<32, false>(ac_int<32, false> const&) const' into 'execute(DCtoEx, ExtoMem&)' (../design_files/core.cpp:207:0)
INFO: [HLS 214-178] Inlining function 'bool ac_int<32, false>::operator>=<32, false>(ac_int<32, false> const&) const' into 'execute(DCtoEx, ExtoMem&)' (../design_files/core.cpp:207:0)
INFO: [HLS 214-178] Inlining function 'ac_int<32, true>::ac_int(bool)' into 'execute(DCtoEx, ExtoMem&)' (../design_files/core.cpp:207:0)
INFO: [HLS 214-178] Inlining function 'ac_int<32, true>::rt<32, true>::logic ac_int<32, true>::operator^<32, true>(ac_int<32, true> const&) const' into 'execute(DCtoEx, ExtoMem&)' (../design_files/core.cpp:207:0)
INFO: [HLS 214-178] Inlining function 'ac_int<32, true>::rt<32, true>::logic ac_int<32, true>::operator|<32, true>(ac_int<32, true> const&) const' into 'execute(DCtoEx, ExtoMem&)' (../design_files/core.cpp:207:0)
INFO: [HLS 214-178] Inlining function 'ac_int<32, true>::rt<32, true>::logic ac_int<32, true>::operator&<32, true>(ac_int<32, true> const&) const' into 'execute(DCtoEx, ExtoMem&)' (../design_files/core.cpp:207:0)
INFO: [HLS 214-178] Inlining function 'ac_int<5, false>::ac_int<32, true>(ac_int<32, true> const&)' into 'execute(DCtoEx, ExtoMem&)' (../design_files/core.cpp:207:0)
INFO: [HLS 214-178] Inlining function 'ac_int<32, true> ac_int<32, true>::operator<<<5>(ac_int<5, false> const&) const' into 'execute(DCtoEx, ExtoMem&)' (../design_files/core.cpp:207:0)
INFO: [HLS 214-178] Inlining function 'ac_int<7, false>::operator[](int) const' into 'execute(DCtoEx, ExtoMem&)' (../design_files/core.cpp:207:0)
INFO: [HLS 214-178] Inlining function 'ac_int<5, true> ac_int<32, true>::slc<5>(int) const' into 'execute(DCtoEx, ExtoMem&)' (../design_files/core.cpp:207:0)
INFO: [HLS 214-178] Inlining function 'ac_int<5, false>::ac_int<5, true>(ac_int<5, true> const&)' into 'execute(DCtoEx, ExtoMem&)' (../design_files/core.cpp:207:0)
INFO: [HLS 214-178] Inlining function 'ac_int<32, true> ac_int<32, true>::operator>><5>(ac_int<5, false> const&) const' into 'execute(DCtoEx, ExtoMem&)' (../design_files/core.cpp:207:0)
INFO: [HLS 214-178] Inlining function 'ac_int<32, true>::ac_int<32, false>(ac_int<32, false> const&) (.192.198.208.219.221.225.229.234.236.241.281.291.300.1756)' into 'execute(DCtoEx, ExtoMem&)' (../design_files/core.cpp:207:0)
INFO: [HLS 214-178] Inlining function 'ac_int<32, true>::rt<32, true>::minus ac_int<32, true>::operator-<32, true>(ac_int<32, true> const&) const' into 'execute(DCtoEx, ExtoMem&)' (../design_files/core.cpp:207:0)
INFO: [HLS 214-178] Inlining function 'ac_int<32, true>::operator~() const' into 'execute(DCtoEx, ExtoMem&)' (../design_files/core.cpp:207:0)
INFO: [HLS 214-178] Inlining function 'ac_int<32, true>::rt<32, false>::logic ac_int<32, true>::operator&<32, false>(ac_int<32, false> const&) const' into 'execute(DCtoEx, ExtoMem&)' (../design_files/core.cpp:207:0)
INFO: [HLS 214-178] Inlining function 'ac_int<32, false>::ac_int<32, true>(ac_int<32, true> const&) (.757.766.844.2095)' into 'memory(ExtoMem, MemtoWB&)' (../design_files/core.cpp:394:0)
INFO: [HLS 214-178] Inlining function 'ac_private::iv_conv<1, false, true>::operator unsigned long long() const (.598.601.624.628.1367.1697.1716.1774.2054.2106)' into 'memory(ExtoMem, MemtoWB&)' (../design_files/core.cpp:394:0)
INFO: [HLS 214-178] Inlining function 'bool ac_private::iv<1>::equal<1>(ac_private::iv<1> const&) const (.188)' into 'bool ac_int<5, false>::operator!=<32, true>(ac_int<32, true> const&) const' (../design_files/ac_int.h:2412:0)
INFO: [HLS 214-178] Inlining function 'bool ac_int<5, false>::operator!=<32, true>(ac_int<32, true> const&) const' into 'bool ac::ops_with_other_types::operator!=<5, false>(ac_int<5, false> const&, int)' (../design_files/ac_int.h:2956:0)
INFO: [HLS 214-178] Inlining function 'bool ac::ops_with_other_types::operator!=<5, false>(ac_int<5, false> const&, int)' into 'writeback(MemtoWB, WBOut&)' (../design_files/core.cpp:424:0)
INFO: [HLS 214-178] Inlining function 'bool ac_private::iv<1>::equal<1>(ac_private::iv<1> const&) const (.188)' into 'bool ac_int<5, false>::operator==<5, false>(ac_int<5, false> const&) const' (../design_files/ac_int.h:2411:0)
INFO: [HLS 214-178] Inlining function 'bool ac_int<5, false>::operator==<5, false>(ac_int<5, false> const&) const' into 'forwardUnit(ac_int<5, false>, bool, ac_int<5, false>, bool, ac_int<5, false>, bool, ac_int<5, false>, bool, bool, ac_int<5, false>, bool, ac_int<5, false>, bool, bool*, ForwardReg&)' (../design_files/core.cpp:460:0)
INFO: [HLS 214-178] Inlining function 'ac_private::iv<1>::to_uint64() const' into 'ac_private::iv_conv<1, false, true>::operator unsigned long long() const' (../design_files/ac_int.h:1597:0)
INFO: [HLS 214-178] Inlining function 'ac_private::iv<2>::iv<1>(ac_private::iv<1> const&)' into 'ac_int<32, false>::ac_int<32, true>(ac_int<32, true> const&)' (../design_files/ac_int.h:2018:0)
INFO: [HLS 214-178] Inlining function 'ac_int<32, false>::bit_adjust()' into 'ac_int<32, false>::ac_int<32, true>(ac_int<32, true> const&)' (../design_files/ac_int.h:2018:0)
INFO: [HLS 214-178] Inlining function 'void ac_private::iv_copy<1>(int const*, int*) (.2257)' into 'ac_private::iv<1>::iv<2>(ac_private::iv<2> const&)' (../design_files/ac_int.h:1424:0)
INFO: [HLS 214-178] Inlining function 'ac_private::iv<1>::iv<2>(ac_private::iv<2> const&)' into 'ac_int<32, true>::ac_int<32, false>(ac_int<32, false> const&)' (../design_files/ac_int.h:2018:0)
INFO: [HLS 214-178] Inlining function 'ac_int<32, true>::bit_adjust() (.195.201.207)' into 'ac_int<32, true>::ac_int<32, false>(ac_int<32, false> const&)' (../design_files/ac_int.h:2018:0)
INFO: [HLS 214-178] Inlining function 'FtoDC::FtoDC() (.1849)' into 'doCycle(Core&, bool)' (../design_files/core.cpp:508:0)
INFO: [HLS 214-178] Inlining function 'ac_int<32, false>::ac_int(int)' into 'doCycle(Core&, bool)' (../design_files/core.cpp:508:0)
INFO: [HLS 214-178] Inlining function 'fetch(ac_int<32, false>, FtoDC&, ac_int<32, false>)' into 'doCycle(Core&, bool)' (../design_files/core.cpp:508:0)
INFO: [HLS 214-178] Inlining function 'memory(ExtoMem, MemtoWB&)' into 'doCycle(Core&, bool)' (../design_files/core.cpp:508:0)
INFO: [HLS 214-178] Inlining function 'writeback(MemtoWB, WBOut&)' into 'doCycle(Core&, bool)' (../design_files/core.cpp:508:0)
INFO: [HLS 214-178] Inlining function 'ac_private::iv_conv<1, false, true>::operator unsigned long long() const' into 'doCycle(Core&, bool)' (../design_files/core.cpp:508:0)
INFO: [HLS 214-178] Inlining function 'ac_int<32, false>::ac_int<32, true>(ac_int<32, true> const&)' into 'doCycle(Core&, bool)' (../design_files/core.cpp:508:0)
INFO: [HLS 214-178] Inlining function 'ac_int<32, true>::ac_int<32, false>(ac_int<32, false> const&)' into 'doCycle(Core&, bool)' (../design_files/core.cpp:508:0)
INFO: [HLS 214-178] Inlining function 'ac_int<32, true>::ac_int<32, false>(ac_int<32, false> const&) (.192.198.208.219.221.225.229.234.236.241.281.291.300.1756)' into 'doCycle(Core&, bool)' (../design_files/core.cpp:508:0)
INFO: [HLS 214-178] Inlining function 'ac_private::iv_conv<1, false, true>::operator unsigned long long() const (.598.601.624.628.1367.1697.1716.1774.2054.2106)' into 'doCycle(Core&, bool)' (../design_files/core.cpp:508:0)
INFO: [HLS 214-178] Inlining function 'branchUnit(ac_int<32, false>, ac_int<32, false>, bool, ac_int<32, false>, bool, ac_int<32, false>&, bool&, bool&, bool)' into 'doCycle(Core&, bool)' (../design_files/core.cpp:508:0)
INFO: [HLS 214-178] Inlining function 'Core::Core()' into 'doCore(bool, ac_int<32, false>*, ac_int<32, false>*)' (../design_files/core.cpp:665:0)
INFO: [HLS 214-178] Inlining function 'MemoryInterface<4u>::MemoryInterface()' into 'doCore(bool, ac_int<32, false>*, ac_int<32, false>*)' (../design_files/core.cpp:665:0)
INFO: [HLS 214-178] Inlining function 'bool ac_private::iv_equal_zero<1>(int const*)' into 'ac_private::iv<1>::equal_zero() const' (../design_files/ac_int.h:1517:0)
INFO: [HLS 214-178] Inlining function 'ac_private::iv<1>::equal_zero() const' into 'ac_int<1, false>::operator!() const' (../design_files/ac_int.h:2287:0)
INFO: [HLS 214-178] Inlining function 'void ac_private::iv_shift_l<2, 2>(int const*, unsigned int, int*)' into 'void ac_private::iv_shift_r2<2, 2, true>(int const*, int, int*)' (../design_files/ac_int.h:1159:0)
INFO: [HLS 214-178] Inlining function 'void ac_private::iv_shift_r<2, 2>(int const*, unsigned int, int*) (.2256)' into 'void ac_private::iv_shift_r2<2, 2, true>(int const*, int, int*)' (../design_files/ac_int.h:1159:0)
INFO: [HLS 214-178] Inlining function 'ac_int<32, true>::to_int() const' into 'ac_int<32, false> ac_int<32, false>::operator>><32>(ac_int<32, true> const&) const (.1970.1976.1991)' (../design_files/ac_int.h:2364:0)
INFO: [HLS 214-178] Inlining function 'void ac_private::iv<2>::shift_r2<2>(int, ac_private::iv<2>&) const (.1994)' into 'ac_int<32, false> ac_int<32, false>::operator>><32>(ac_int<32, true> const&) const (.1970.1976.1991)' (../design_files/ac_int.h:2364:0)
INFO: [HLS 214-178] Inlining function 'ac_int<32, false>::bit_adjust() (.59.65.71)' into 'ac_int<32, false> ac_int<32, false>::operator>><32>(ac_int<32, true> const&) const (.1970.1976.1991)' (../design_files/ac_int.h:2364:0)
INFO: [HLS 214-178] Inlining function 'ac_int<32, false> ac_int<32, false>::operator>><32>(ac_int<32, true> const&) const (.1970.1976.1991)' into 'ac_int<32, false>::rt<32, true>::arg1 ac::ops_with_other_types::operator>><32, false>(ac_int<32, false> const&, int)' (../design_files/ac_int.h:2956:0)
INFO: [HLS 214-178] Inlining function 'ac_private::iv<2>::to_uint64() const (.1985)' into 'ac_private::iv_conv<2, false, true>::operator unsigned long long() const' (../design_files/ac_int.h:1597:0)
INFO: [HLS 214-178] Inlining function 'void ac_private::iv_shift_r<2, 1>(int const*, unsigned int, int*) (.2258)' into 'void ac_private::iv<2>::shift_r<1>(unsigned int, ac_private::iv<1>&) const (.353)' (../design_files/ac_int.h:1497:0)
INFO: [HLS 214-178] Inlining function 'void ac_private::iv<2>::shift_r<1>(unsigned int, ac_private::iv<1>&) const (.353)' into 'ac_int<2, false> ac_int<32, false>::slc<2>(int) const' (../design_files/ac_int.h:2430:0)
INFO: [HLS 214-178] Inlining function 'ac_int<2, false>::bit_adjust() (.2047.2053.2060)' into 'ac_int<2, false> ac_int<32, false>::slc<2>(int) const' (../design_files/ac_int.h:2430:0)
INFO: [HLS 214-178] Inlining function 'void ac_private::iv<1>::shift_r<1>(unsigned int, ac_private::iv<1>&) const (.480)' into 'ac_int<1, false> ac_int<8, false>::slc<1>(int) const' (../design_files/ac_int.h:2430:0)
INFO: [HLS 214-178] Inlining function 'ac_int<1, false>::bit_adjust()' into 'ac_int<1, false> ac_int<8, false>::slc<1>(int) const' (../design_files/ac_int.h:2430:0)
INFO: [HLS 214-178] Inlining function 'ac_int<1, true>::bit_adjust() (.2164.2170.2176)' into 'ac_int<1, true>::ac_int<1, false>(ac_int<1, false> const&)' (../design_files/ac_int.h:2018:0)
INFO: [HLS 214-178] Inlining function 'void ac_private::iv_assign_uint64<2>(int*, unsigned long long)' into 'ac_private::iv<2>::iv(unsigned long long)' (../design_files/ac_int.h:1430:0)
INFO: [HLS 214-178] Inlining function 'ac_private::iv<2>::to_uint64() const' into 'void ac_private::iv<2>::set_slc<1>(unsigned int, int, ac_private::iv<1> const&)' (../design_files/ac_int.h:1574:0)
INFO: [HLS 214-178] Inlining function 'ac_private::iv<1>::to_uint64() const (.604)' into 'void ac_private::iv<2>::set_slc<1>(unsigned int, int, ac_private::iv<1> const&)' (../design_files/ac_int.h:1574:0)
INFO: [HLS 214-178] Inlining function 'ac_private::iv<2>::iv(unsigned long long)' into 'void ac_private::iv<2>::set_slc<1>(unsigned int, int, ac_private::iv<1> const&)' (../design_files/ac_int.h:1574:0)
INFO: [HLS 214-178] Inlining function 'ac_int<8, true>::ac_int<8, false>(ac_int<8, false> const&) (.143)' into 'ac_int<32, false>& ac_int<32, false>::set_slc<8, false>(int, ac_int<8, false> const&)' (../design_files/ac_int.h:2456:0)
INFO: [HLS 214-178] Inlining function 'void ac_private::iv<2>::set_slc<1>(unsigned int, int, ac_private::iv<1> const&)' into 'ac_int<32, false>& ac_int<32, false>::set_slc<8, false>(int, ac_int<8, false> const&)' (../design_files/ac_int.h:2456:0)
INFO: [HLS 214-178] Inlining function 'ac_int<32, false>::bit_adjust()' into 'ac_int<32, false>& ac_int<32, false>::set_slc<8, false>(int, ac_int<8, false> const&)' (../design_files/ac_int.h:2456:0)
INFO: [HLS 214-178] Inlining function 'ac_int<24, true>::bit_adjust()' into 'ac_int<24, true>::ac_int<1, true>(ac_int<1, true> const&)' (../design_files/ac_int.h:2018:0)
INFO: [HLS 214-178] Inlining function 'void ac_private::iv<2>::set_slc<1>(unsigned int, int, ac_private::iv<1> const&)' into 'ac_int<32, false>& ac_int<32, false>::set_slc<24, true>(int, ac_int<24, true> const&)' (../design_files/ac_int.h:2456:0)
INFO: [HLS 214-178] Inlining function 'ac_int<32, false>::bit_adjust()' into 'ac_int<32, false>& ac_int<32, false>::set_slc<24, true>(int, ac_int<24, true> const&)' (../design_files/ac_int.h:2456:0)
INFO: [HLS 214-178] Inlining function 'void ac_private::iv<2>::shift_r<1>(unsigned int, ac_private::iv<1>&) const (.353.679)' into 'ac_int<16, false> ac_int<32, false>::slc<16>(int) const (.2210)' (../design_files/ac_int.h:2430:0)
INFO: [HLS 214-178] Inlining function 'ac_int<16, false>::bit_adjust() (.2006.2012.2030)' into 'ac_int<16, false> ac_int<32, false>::slc<16>(int) const (.2210)' (../design_files/ac_int.h:2430:0)
INFO: [HLS 214-178] Inlining function 'void ac_private::iv<1>::shift_r<1>(unsigned int, ac_private::iv<1>&) const (.480)' into 'ac_int<1, false> ac_int<16, false>::slc<1>(int) const' (../design_files/ac_int.h:2430:0)
INFO: [HLS 214-178] Inlining function 'ac_int<1, false>::bit_adjust()' into 'ac_int<1, false> ac_int<16, false>::slc<1>(int) const' (../design_files/ac_int.h:2430:0)
INFO: [HLS 214-178] Inlining function 'ac_int<16, true>::bit_adjust()' into 'ac_int<16, true>::ac_int<16, false>(ac_int<16, false> const&) (.2000.2018.2024)' (../design_files/ac_int.h:2018:0)
INFO: [HLS 214-178] Inlining function 'ac_int<16, true>::ac_int<16, false>(ac_int<16, false> const&) (.2000.2018.2024)' into 'ac_int<32, false>& ac_int<32, false>::set_slc<16, false>(int, ac_int<16, false> const&)' (../design_files/ac_int.h:2456:0)
INFO: [HLS 214-178] Inlining function 'void ac_private::iv<2>::set_slc<1>(unsigned int, int, ac_private::iv<1> const&)' into 'ac_int<32, false>& ac_int<32, false>::set_slc<16, false>(int, ac_int<16, false> const&)' (../design_files/ac_int.h:2456:0)
INFO: [HLS 214-178] Inlining function 'ac_int<32, false>::bit_adjust()' into 'ac_int<32, false>& ac_int<32, false>::set_slc<16, false>(int, ac_int<16, false> const&)' (../design_files/ac_int.h:2456:0)
INFO: [HLS 214-178] Inlining function 'ac_int<16, true>::bit_adjust()' into 'ac_int<16, true>::ac_int<1, true>(ac_int<1, true> const&)' (../design_files/ac_int.h:2018:0)
INFO: [HLS 214-178] Inlining function 'void ac_private::iv<2>::set_slc<1>(unsigned int, int, ac_private::iv<1> const&)' into 'ac_int<32, false>& ac_int<32, false>::set_slc<16, true>(int, ac_int<16, true> const&)' (../design_files/ac_int.h:2456:0)
INFO: [HLS 214-178] Inlining function 'ac_int<32, false>::bit_adjust()' into 'ac_int<32, false>& ac_int<32, false>::set_slc<16, true>(int, ac_int<16, true> const&)' (../design_files/ac_int.h:2456:0)
INFO: [HLS 214-178] Inlining function 'void ac_private::iv<1>::bitwise_and<1, 1>(ac_private::iv<1> const&, ac_private::iv<1>&) const (.1957)' into 'ac_int<8, false>::rt<32, true>::logic ac_int<8, false>::operator&<32, true>(ac_int<32, true> const&) const' (../design_files/ac_int.h:2306:0)
INFO: [HLS 214-178] Inlining function 'ac_int<8, false>::rt<32, true>::logic ac_int<8, false>::operator&<32, true>(ac_int<32, true> const&) const' into 'ac_int<8, false>::rt<32, true>::logic ac::ops_with_other_types::operator&<8, false>(ac_int<8, false> const&, int)' (../design_files/ac_int.h:2956:0)
INFO: [HLS 214-178] Inlining function 'void ac_private::iv<1>::bitwise_and<1, 1>(ac_private::iv<1> const&, ac_private::iv<1>&) const (.1957)' into 'ac_int<16, false>::rt<32, true>::logic ac_int<16, false>::operator&<32, true>(ac_int<32, true> const&) const' (../design_files/ac_int.h:2306:0)
INFO: [HLS 214-178] Inlining function 'ac_int<16, false>::rt<32, true>::logic ac_int<16, false>::operator&<32, true>(ac_int<32, true> const&) const' into 'ac_int<16, false>::rt<32, true>::logic ac::ops_with_other_types::operator&<16, false>(ac_int<16, false> const&, int)' (../design_files/ac_int.h:2956:0)
INFO: [HLS 214-178] Inlining function 'void ac_private::iv<2>::shift_r<1>(unsigned int, ac_private::iv<1>&) const (.353)' into 'ac_int<8, false> ac_int<32, false>::slc<8>(int) const' (../design_files/ac_int.h:2430:0)
INFO: [HLS 214-178] Inlining function 'ac_int<8, false>::bit_adjust() (.367.373.387)' into 'ac_int<8, false> ac_int<32, false>::slc<8>(int) const' (../design_files/ac_int.h:2430:0)
INFO: [HLS 214-178] Inlining function 'ac_private::iv<2>::to_uint64() const (.1985)' into 'void ac_private::iv<2>::set_slc<1>(unsigned int, int, ac_private::iv<1> const&) (.2078)' (../design_files/ac_int.h:1574:0)
INFO: [HLS 214-178] Inlining function 'ac_private::iv<1>::to_uint64() const (.604)' into 'void ac_private::iv<2>::set_slc<1>(unsigned int, int, ac_private::iv<1> const&) (.2078)' (../design_files/ac_int.h:1574:0)
INFO: [HLS 214-178] Inlining function 'ac_private::iv<2>::iv(unsigned long long)' into 'void ac_private::iv<2>::set_slc<1>(unsigned int, int, ac_private::iv<1> const&) (.2078)' (../design_files/ac_int.h:1574:0)
INFO: [HLS 214-178] Inlining function 'ac_int<8, true>::ac_int<8, false>(ac_int<8, false> const&) (.143)' into 'ac_int<32, false>& ac_int<32, false>::set_slc<8, false>(int, ac_int<8, false> const&) (.2033)' (../design_files/ac_int.h:2456:0)
INFO: [HLS 214-178] Inlining function 'void ac_private::iv<2>::set_slc<1>(unsigned int, int, ac_private::iv<1> const&) (.2078)' into 'ac_int<32, false>& ac_int<32, false>::set_slc<8, false>(int, ac_int<8, false> const&) (.2033)' (../design_files/ac_int.h:2456:0)
INFO: [HLS 214-178] Inlining function 'ac_int<32, false>::bit_adjust() (.59.65.71)' into 'ac_int<32, false>& ac_int<32, false>::set_slc<8, false>(int, ac_int<8, false> const&) (.2033)' (../design_files/ac_int.h:2456:0)
INFO: [HLS 214-178] Inlining function 'void ac_private::iv<2>::shift_r<1>(unsigned int, ac_private::iv<1>&) const (.353)' into 'ac_int<16, false> ac_int<32, false>::slc<16>(int) const' (../design_files/ac_int.h:2430:0)
INFO: [HLS 214-178] Inlining function 'ac_int<16, false>::bit_adjust() (.2006.2012.2030)' into 'ac_int<16, false> ac_int<32, false>::slc<16>(int) const' (../design_files/ac_int.h:2430:0)
INFO: [HLS 214-178] Inlining function 'ac_int<16, true>::ac_int<16, false>(ac_int<16, false> const&) (.2000.2018.2024)' into 'ac_int<32, false>& ac_int<32, false>::set_slc<16, false>(int, ac_int<16, false> const&) (.1997)' (../design_files/ac_int.h:2456:0)
INFO: [HLS 214-178] Inlining function 'void ac_private::iv<2>::set_slc<1>(unsigned int, int, ac_private::iv<1> const&) (.2078)' into 'ac_int<32, false>& ac_int<32, false>::set_slc<16, false>(int, ac_int<16, false> const&) (.1997)' (../design_files/ac_int.h:2456:0)
INFO: [HLS 214-178] Inlining function 'ac_int<32, false>::bit_adjust() (.59.65.71)' into 'ac_int<32, false>& ac_int<32, false>::set_slc<16, false>(int, ac_int<16, false> const&) (.1997)' (../design_files/ac_int.h:2456:0)
INFO: [HLS 214-178] Inlining function 'ac_int<1, false>::operator!() const' into 'IncompleteMemory<4u>::process(ac_int<32, false>, memMask, memOpType, ac_int<32, false>, ac_int<32, false>&, bool&)' (../design_files/memoryInterface.h:44:0)
INFO: [HLS 214-178] Inlining function 'ac_int<32, false>::rt<32, true>::arg1 ac::ops_with_other_types::operator>><32, false>(ac_int<32, false> const&, int)' into 'IncompleteMemory<4u>::process(ac_int<32, false>, memMask, memOpType, ac_int<32, false>, ac_int<32, false>&, bool&)' (../design_files/memoryInterface.h:44:0)
INFO: [HLS 214-178] Inlining function 'ac_private::iv_conv<2, false, true>::operator unsigned long long() const' into 'IncompleteMemory<4u>::process(ac_int<32, false>, memMask, memOpType, ac_int<32, false>, ac_int<32, false>&, bool&)' (../design_files/memoryInterface.h:44:0)
INFO: [HLS 214-178] Inlining function 'ac_int<2, false> ac_int<32, false>::slc<2>(int) const' into 'IncompleteMemory<4u>::process(ac_int<32, false>, memMask, memOpType, ac_int<32, false>, ac_int<32, false>&, bool&)' (../design_files/memoryInterface.h:44:0)
INFO: [HLS 214-178] Inlining function 'ac_private::iv_conv<1, false, true>::operator unsigned long long() const (.598.601.624.628.1367.1697.1716.1774.2054.2106)' into 'IncompleteMemory<4u>::process(ac_int<32, false>, memMask, memOpType, ac_int<32, false>, ac_int<32, false>&, bool&)' (../design_files/memoryInterface.h:44:0)
INFO: [HLS 214-178] Inlining function 'ac_int<8, false> ac_int<32, false>::slc<8>(int) const (.364.660)' into 'IncompleteMemory<4u>::process(ac_int<32, false>, memMask, memOpType, ac_int<32, false>, ac_int<32, false>&, bool&)' (../design_files/memoryInterface.h:44:0)
INFO: [HLS 214-178] Inlining function 'ac_int<1, false> ac_int<8, false>::slc<1>(int) const' into 'IncompleteMemory<4u>::process(ac_int<32, false>, memMask, memOpType, ac_int<32, false>, ac_int<32, false>&, bool&)' (../design_files/memoryInterface.h:44:0)
INFO: [HLS 214-178] Inlining function 'ac_int<1, true>::ac_int<1, false>(ac_int<1, false> const&)' into 'IncompleteMemory<4u>::process(ac_int<32, false>, memMask, memOpType, ac_int<32, false>, ac_int<32, false>&, bool&)' (../design_files/memoryInterface.h:44:0)
INFO: [HLS 214-178] Inlining function 'ac_int<32, false>& ac_int<32, false>::set_slc<8, false>(int, ac_int<8, false> const&)' into 'IncompleteMemory<4u>::process(ac_int<32, false>, memMask, memOpType, ac_int<32, false>, ac_int<32, false>&, bool&)' (../design_files/memoryInterface.h:44:0)
INFO: [HLS 214-178] Inlining function 'ac_int<24, true>::ac_int<1, true>(ac_int<1, true> const&)' into 'IncompleteMemory<4u>::process(ac_int<32, false>, memMask, memOpType, ac_int<32, false>, ac_int<32, false>&, bool&)' (../design_files/memoryInterface.h:44:0)
INFO: [HLS 214-178] Inlining function 'ac_int<32, false>& ac_int<32, false>::set_slc<24, true>(int, ac_int<24, true> const&)' into 'IncompleteMemory<4u>::process(ac_int<32, false>, memMask, memOpType, ac_int<32, false>, ac_int<32, false>&, bool&)' (../design_files/memoryInterface.h:44:0)
INFO: [HLS 214-178] Inlining function 'ac_int<32, false>::operator[](int) const' into 'IncompleteMemory<4u>::process(ac_int<32, false>, memMask, memOpType, ac_int<32, false>, ac_int<32, false>&, bool&)' (../design_files/memoryInterface.h:44:0)
INFO: [HLS 214-178] Inlining function 'ac_int<16, false> ac_int<32, false>::slc<16>(int) const (.2210)' into 'IncompleteMemory<4u>::process(ac_int<32, false>, memMask, memOpType, ac_int<32, false>, ac_int<32, false>&, bool&)' (../design_files/memoryInterface.h:44:0)
INFO: [HLS 214-178] Inlining function 'ac_int<1, false> ac_int<16, false>::slc<1>(int) const' into 'IncompleteMemory<4u>::process(ac_int<32, false>, memMask, memOpType, ac_int<32, false>, ac_int<32, false>&, bool&)' (../design_files/memoryInterface.h:44:0)
INFO: [HLS 214-178] Inlining function 'ac_int<32, false>& ac_int<32, false>::set_slc<16, false>(int, ac_int<16, false> const&)' into 'IncompleteMemory<4u>::process(ac_int<32, false>, memMask, memOpType, ac_int<32, false>, ac_int<32, false>&, bool&)' (../design_files/memoryInterface.h:44:0)
INFO: [HLS 214-178] Inlining function 'ac_int<16, true>::ac_int<1, true>(ac_int<1, true> const&)' into 'IncompleteMemory<4u>::process(ac_int<32, false>, memMask, memOpType, ac_int<32, false>, ac_int<32, false>&, bool&)' (../design_files/memoryInterface.h:44:0)
INFO: [HLS 214-178] Inlining function 'ac_int<32, false>& ac_int<32, false>::set_slc<16, true>(int, ac_int<16, true> const&)' into 'IncompleteMemory<4u>::process(ac_int<32, false>, memMask, memOpType, ac_int<32, false>, ac_int<32, false>&, bool&)' (../design_files/memoryInterface.h:44:0)
INFO: [HLS 214-178] Inlining function 'ac_int<8, false>::rt<32, true>::logic ac::ops_with_other_types::operator&<8, false>(ac_int<8, false> const&, int)' into 'IncompleteMemory<4u>::process(ac_int<32, false>, memMask, memOpType, ac_int<32, false>, ac_int<32, false>&, bool&)' (../design_files/memoryInterface.h:44:0)
INFO: [HLS 214-178] Inlining function 'ac_int<32, false>::ac_int<32, true>(ac_int<32, true> const&) (.757.766.844.2095)' into 'IncompleteMemory<4u>::process(ac_int<32, false>, memMask, memOpType, ac_int<32, false>, ac_int<32, false>&, bool&)' (../design_files/memoryInterface.h:44:0)
INFO: [HLS 214-178] Inlining function 'ac_int<16, false>::rt<32, true>::logic ac::ops_with_other_types::operator&<16, false>(ac_int<16, false> const&, int)' into 'IncompleteMemory<4u>::process(ac_int<32, false>, memMask, memOpType, ac_int<32, false>, ac_int<32, false>&, bool&)' (../design_files/memoryInterface.h:44:0)
INFO: [HLS 214-178] Inlining function 'ac_int<32, false>::ac_int(int) (.1868.1874.1882)' into 'IncompleteMemory<4u>::process(ac_int<32, false>, memMask, memOpType, ac_int<32, false>, ac_int<32, false>&, bool&)' (../design_files/memoryInterface.h:44:0)
INFO: [HLS 214-178] Inlining function 'ac_int<8, false> ac_int<32, false>::slc<8>(int) const' into 'IncompleteMemory<4u>::process(ac_int<32, false>, memMask, memOpType, ac_int<32, false>, ac_int<32, false>&, bool&)' (../design_files/memoryInterface.h:44:0)
INFO: [HLS 214-178] Inlining function 'ac_int<32, false>& ac_int<32, false>::set_slc<8, false>(int, ac_int<8, false> const&) (.2033)' into 'IncompleteMemory<4u>::process(ac_int<32, false>, memMask, memOpType, ac_int<32, false>, ac_int<32, false>&, bool&)' (../design_files/memoryInterface.h:44:0)
INFO: [HLS 214-178] Inlining function 'ac_int<16, false> ac_int<32, false>::slc<16>(int) const' into 'IncompleteMemory<4u>::process(ac_int<32, false>, memMask, memOpType, ac_int<32, false>, ac_int<32, false>&, bool&)' (../design_files/memoryInterface.h:44:0)
INFO: [HLS 214-178] Inlining function 'ac_int<32, false>& ac_int<32, false>::set_slc<16, false>(int, ac_int<16, false> const&) (.1997)' into 'IncompleteMemory<4u>::process(ac_int<32, false>, memMask, memOpType, ac_int<32, false>, ac_int<32, false>&, bool&)' (../design_files/memoryInterface.h:44:0)
ERROR: [HLS 214-138] in function 'doCycle(Core&, bool)': Indirect function call is not supported. It may be caused by calling of virtual function in C++ (../design_files/core.cpp:560:12)
ERROR: [HLS 214-138] in function 'doCycle(Core&, bool)': Indirect function call is not supported. It may be caused by calling of virtual function in C++ (../design_files/core.cpp:602:12)
ERROR: [HLS 214-400] Unsupported virtual function found in class 'IncompleteMemory<4u>' (../design_files/memoryInterface.h:42:0)
ERROR: [HLS 200-1715] Encountered problem during source synthesis
ERROR: Pre-synthesis failed.
INFO: [HLS 200-112] Total CPU user time: 6 seconds. Total CPU system time: 1 seconds. Total elapsed time: 59.036 seconds; peak allocated memory: 243.922 MB.
