# 
# Steps log generated by v++
# This log file contains a collection of steps that describe the kernel compilation flow
# Note: Some steps are tagged as internal, these steps are for debugging purposes and 
#       are not expected to be able to run independently.
# 

# The following environment variables are set when running vitis-run
Environment variables :
------------------------------------------
ACSetupSvcPort=23210
ACSvcPort=17532
ALLUSERSPROFILE=C:\ProgramData
APPDATA=C:\Users\kwokt\AppData\Roaming
arr.length=0
arr.Ubound=-1
CHARPOP=1
ChocolateyInstall=C:\ProgramData\chocolatey
ChocolateyLastPathUpdate=133424560362510229
CMAKE_OBJECT_PATH_MAX=4096
CommonProgramFiles=C:\Program Files\Common Files
CommonProgramFiles(x86)=C:\Program Files (x86)\Common Files
CommonProgramW6432=C:\Program Files\Common Files
COMPUTERNAME=BILLY
ComSpec=C:\WINDOWS\system32\cmd.exe
DriverData=C:\Windows\System32\Drivers\DriverData
EFC_4172=1
FPS_BROWSER_APP_PROFILE_STRING=Internet Explorer
FPS_BROWSER_USER_PROFILE_STRING=Default
HDI_APPROOT=C:/Xilinx/Vitis/2024.1
HDI_PROCESSOR=i686
HOMEDRIVE=C:
HOMEPATH=\Users\kwokt
HW_SERVER_DJTG_DISABLE=1
HW_SERVER_FTDIMGR_DISABLE=1
IDE_SKIP_SERVER_LICENSE=1
INT_VARIABLE_NAME=XILINX_PATH
ISL_IOSTREAMS_RSA=C:/Xilinx/Vitis/2024.1/tps/isl
JAVA_EXE=C:/Xilinx\Vitis\2024.1\tps\win64\jre11.0.16_1\bin\java.exe
JAVA_HOME=C:/Xilinx\Vitis\2024.1\tps\win64\jre11.0.16_1
LC_NUMERIC=C
LOCALAPPDATA=C:\Users\kwokt\AppData\Local
LOGONSERVER=\\BILLY
LOPPER_DTC_FLAGS=-b 0 -@
NOSPLASH=false
NUMBER_OF_PROCESSORS=16
OneDrive=C:\Users\kwokt\OneDrive - University of South Florida
ORIGINAL_XDG_CURRENT_DESKTOP=undefined
OS=Windows_NT
PATH=C:/Xilinx/Vivado/2024.1/tps/win64/binutils-2.26/bin;C:/Xilinx/Vitis/2024.1/bin/../gnu/aarch64/nt/aarch64-linux/bin;C:/Xilinx/Vitis/2024.1/bin/../gnu/ppc64le/4.9.3/win64/bin;C:/Xilinx/Vitis/2024.1/bin/../gnu/aarch32/nt/gcc-arm-linux-gnueabi/bin;C:/Xilinx\Vitis_HLS\2024.1/tps/mingw/6.2.0/win64.o/nt/bin;C:/Xilinx/Vivado/2024.1\gnuwin\bin;C:/Xilinx/Vivado/2024.1\gnu\microblaze\nt\bin;C:/Xilinx/Vitis/2024.1/bin;C:/Xilinx/Vitis/2024.1/tps/win64/java-cef-95.0.4638.69/bin/lib/win64;C:/Xilinx/Vitis/2024.1/tps/win64/javafx-sdk-11.0.2/lib;C:/Xilinx/Vitis/2024.1/tps/win64/javafx-sdk-11.0.2/bin;C:/Xilinx/Vitis/2024.1/lib/win64.o;C:/Xilinx/Vitis/2024.1/tps/win64/jre11.0.16_1/bin/server;C:/Xilinx/Vitis/2024.1/tps/win64/jre11.0.16_1/bin;C:\Xilinx\Vitis\2024.1\tps\win64\LOPPER~1.0-P\min_sdk\\usr\bin;C:/Xilinx\Vitis\2024.1\tps\win64\cmake-3.24.2\bin;C:/Xilinx\Vitis\2024.1\gnu\microblaze\nt\bin;C:/Xilinx\Vitis\2024.1\gnu\microblaze\linux_toolchain\nt64_le\bin;C:/Xilinx\Vitis\2024.1\gnu\aarch32\nt\gcc-arm-linux-gnueabi\bin;C:/Xilinx\Vitis\2024.1\gnu\aarch32\nt\gcc-arm-none-eabi\bin;C:/Xilinx\Vitis\2024.1\gnu\aarch64\nt\aarch64-linux\bin;C:/Xilinx\Vitis\2024.1\gnu\aarch64\nt\aarch64-none\bin;C:/Xilinx\Vitis\2024.1\gnu\armr5\nt\gcc-arm-none-eabi\bin;C:/Xilinx\Vitis\2024.1\gnuwin\bin;C:/Xilinx\Vitis\2024.1\tps\win64\python-3.8.3;C:/Xilinx\Vitis\2024.1\tps\win64\libxslt\bin;C:/Xilinx/Vivado/2024.1\bin;C:/Xilinx/Vitis/2024.1\gnu\arm\nt\bin;C:/Xilinx/Vitis/2024.1\gnu\microblaze\linux_toolchain\nt64_be\bin;C:/Xilinx/Vitis/2024.1\gnu\riscv\nt\riscv64-unknown-elf\bin;C:/Xilinx/Vitis/2024.1\tps\win64\git-2.16.2\bin;C:/Xilinx/Vitis/2024.1\win64\tools\clang\bin;C:/Xilinx\Vitis_HLS\2024.1\lib\win64.o;C:/Xilinx\Vitis_HLS\2024.1\bin;C:/Xilinx/Vivado/2024.1  /bin;/bin;C:\Users\kwokt\AppData\Local\Programs\Python\Python311;C:\Users\kwokt\AppData\Local\Programs\Python\Python311\Scripts;C:\Program Files (x86)\Common Files\Oracle\Java\java8path;C:\Program Files (x86)\Common Files\Oracle\Java\javapath;C:\Program Files (x86)\VMware\VMware Player\bin\;C:\Program Files (x86)\Razer Chroma SDK\bin;C:\Program Files\Razer Chroma SDK\bin;C:\Program Files (x86)\Razer\ChromaBroadcast\bin;C:\Program Files\Razer\ChromaBroadcast\bin;C:\WINDOWS\system32;C:\WINDOWS;C:\WINDOWS\System32\Wbem;C:\WINDOWS\System32\WindowsPowerShell\v1.0\;C:\WINDOWS\System32\OpenSSH\;C:\Program Files\dotnet\;C:\WINDOWS\system32\config\systemprofile\AppData\Local\Microsoft\WindowsApps;C:\Program Files\NVIDIA Corporation\NVIDIA NvDLISR;C:\ProgramData\chocolatey\bin;C:\Program Files (x86)\NVIDIA Corporation\PhysX\Common;C:\Aldec\Active-HDL-Student-Edition\bin;C:\Program Files\Git\cmd;C:\Program Files\CMake\bin;C:\Program Files\nodejs\;C:\Users\kwokt\AppData\Local\Pub\Cache\bin;C:\Users\kwokt\flutter\bin;C:\Users\kwokt\AppData\Local\Programs\Python\Python310\Scripts\;C:\Users\kwokt\AppData\Local\Programs\Python\Python310\;C:\Users\kwokt\AppData\Local\Programs\Python\Python38\Scripts\;C:\Users\kwokt\AppData\Local\Programs\Python\Python38\;C:\Users\kwokt\Scripts\;C:\Users\kwokt\;flutter\bin;;C:\Users\kwokt\AppData\Local\Microsoft\WindowsApps;C:\Users\kwokt\AppData\Local\Programs\Microsoft VS Code\bin;C:\msys64\mingw64\bin;C:\\Program Files\\Git\\bin\\;C:\\Program Files\\Git\\cmd\\;C:\Users\kwokt\AppData\Roaming\npm;C:\Users\kwokt\AppData\Local\GitHubDesktop\bin;C:\Users\kwokt\AppData\Local\Microsoft\WinGet\Links;C:/Xilinx/Vitis/2024.1\tps\mingw\6.2.0\win64.o\nt\bin;C:/Xilinx/Vitis/2024.1\tps\mingw\6.2.0\win64.o\nt\libexec\gcc\x86_64-w64-mingw32\6.2.0
PATHEXT=.COM;.EXE;.BAT;.CMD;.VBS;.VBE;.JS;.JSE;.WSF;.WSH;.MSC
PROCESSOR_ARCHITECTURE=AMD64
PROCESSOR_IDENTIFIER=AMD64 Family 25 Model 80 Stepping 0, AuthenticAMD
PROCESSOR_LEVEL=25
PROCESSOR_REVISION=5000
PRODVERSION_EXE=C:/Xilinx/Vitis/2024.1/bin/unwrapped/win64.o/prodversion.exe
ProgramData=C:\ProgramData
ProgramFiles=C:\Program Files
ProgramFiles(x86)=C:\Program Files (x86)
ProgramW6432=C:\Program Files
PROMPT=$P$G
PSModulePath=C:\Program Files\WindowsPowerShell\Modules;C:\WINDOWS\system32\WindowsPowerShell\v1.0\Modules
PUBLIC=C:\Users\Public
PYTHONPATH=;C:/Xilinx/Vitis/2024.1\cli;C:/Xilinx/Vitis/2024.1\cli\python-packages\win64;C:/Xilinx/Vitis/2024.1\cli\python-packages\site-packages;C:/Xilinx/Vitis/2024.1\cli\proto;C:/Xilinx/Vitis/2024.1\scripts\python_pkg;
python_path=;C:/Xilinx/Vitis/2024.1\cli;C:/Xilinx/Vitis/2024.1\cli\python-packages\win64;C:/Xilinx/Vitis/2024.1\cli\python-packages\site-packages;C:/Xilinx/Vitis/2024.1\cli\proto;C:/Xilinx/Vitis/2024.1\scripts\python_pkg;
RDI_APPROOT=C:/Xilinx/Vitis/2024.1
RDI_ARGS= --mode hls --csim --config C:\Users\kwokt\Desktop\Vitis_HLS2\comet-to-vitis-hls\hls_component\hls_config.cfg --work_dir hls_component
RDI_ARGS_FUNCTION=RDI_EXEC_DEFAULT
RDI_BASEROOT=C:/Xilinx/Vitis
RDI_BINDIR=C:/Xilinx/Vitis/2024.1/bin
RDI_BINROOT=C:/Xilinx/Vitis/2024.1/bin
RDI_BUILD=yes
RDI_CHECK_PROG=True
RDI_DATADIR=C:/Xilinx/SharedData/2024.1/data;C:/Xilinx/Vitis/2024.1/data
RDI_INSTALLROOT=C:/Xilinx
RDI_INSTALLVER=2024.1
RDI_INSTALLVERSION=2024.1
RDI_JAVACEFROOT=C:/Xilinx/Vitis/2024.1/tps/win64/java-cef-95.0.4638.69
RDI_JAVAFXROOT=C:/Xilinx/Vitis/2024.1/tps/win64/javafx-sdk-11.0.2
RDI_JAVAROOT=C:/Xilinx/Vitis/2024.1/tps/win64/jre11.0.16_1
RDI_JAVA_VERSION=11.0.16_1
RDI_LIBDIR=C:/Xilinx/Vitis/2024.1/lib/win64.o
RDI_MINGW_LIB=C:/Xilinx/Vitis/2024.1\tps\mingw\6.2.0\win64.o\nt\bin;C:/Xilinx/Vitis/2024.1\tps\mingw\6.2.0\win64.o\nt\libexec\gcc\x86_64-w64-mingw32\6.2.0
RDI_OPT_EXT=.o
RDI_OS_ARCH=64
RDI_PLATFORM=win64
RDI_PREPEND_PATH=C:/Xilinx/Vitis/2024.1/bin
RDI_PROG=C:/Xilinx/Vitis/2024.1/bin/unwrapped/win64.o/vitis-run.exe
RDI_PROGNAME=vitis-run.exe
RDI_SESSION_INFO=C:\Xilinx\Vitis\2024.1\bin:BILLY-Fri01-17-2025_0-41-33.03
RDI_SHARED_DATA=C:/Xilinx/SharedData/2024.1/data
RDI_TPS_ROOT=C:/Xilinx/Vivado/2024.1/tps/win64
RDI_USE_JDK11=1
RDI_VERBOSE=False
RlsSvcPort=22112
RT_LIBPATH=C:/Xilinx/Vitis/2024.1/scripts/rt/data
RT_TCL_PATH=C:/Xilinx/Vitis/2024.1/scripts/rt/base_tcl/tcl
SDKROOT=C:\Xilinx\Vitis\2024.1\tps\win64\LOPPER~1.0-P\min_sdk\
SESSIONNAME=Console
session_string=C:\Users\kwokt\Desktop\Vitis_HLS2\comet-to-vitis-hls\hls_component:BILLY-Fri01-17-2025_0-43-30.17
SHARED_DATA_HOME="C:/Xilinx/SharedData/2024.1"
SWIG_LIB=C:\Xilinx\Vitis\2024.1\tps\win64\LOPPER~1.0-P\min_sdk\\usr\lib\swig\4.0.2
SYNTH_COMMON=C:/Xilinx/Vitis/2024.1/scripts/rt/data
SystemDrive=C:
SystemRoot=C:\WINDOWS
TCL_LIBRARY=C:/Xilinx/Vitis/2024.1/tps/tcl/tcl8.6
TCMALLOC_LARGE_ALLOC_REPORT_THRESHOLD=4294967296
TEMP=C:\Users\kwokt\AppData\Local\Temp
THEIA_APP_PROJECT_PATH=C:\Xilinx\Vitis\2024.1\ide\electron-app\win64\resources\app
THEIA_DEFAULT_PLUGINS=local-dir:C:\Xilinx\Vitis\2024.1\ide\electron-app\win64\resources\app\plugins
THEIA_ELECTRON_TOKEN={"value":"1cf64c51-768c-4cfe-a949-1ea274123e09"}
THEIA_ELECTRON_VERSION=15.5.7
THEIA_PLUGINS=local-dir:C:\Users\kwokt\.theia\plugins
TMP=C:\Users\kwokt\AppData\Local\Temp
USERDOMAIN=BILLY
USERDOMAIN_ROAMINGPROFILE=BILLY
USERNAME=kwokt
USERPROFILE=C:\Users\kwokt
VBOX_MSI_INSTALL_PATH=C:\Program Files\Oracle\VirtualBox\
VITISNEW=true
VSCODE_API_VERSION=1.53.2
windir=C:\WINDOWS
XILINX_HLS=C:/Xilinx\Vitis_HLS\2024.1
XILINX_PLANAHEAD=C:/Xilinx/Vitis/2024.1
XILINX_SDK=C:/Xilinx/Vitis/2024.1
XILINX_VERSION_DEFAULT=2024.1
XILINX_VERSION_VITIS=2024.1
XILINX_VITIS=C:/Xilinx\Vitis\2024.1
XILINX_VITIS_VERSION=Vitis v2024.1 (64-bit)
XILINX_VIVADO=C:/Xilinx/Vivado/2024.1
XILINX_VIVADO_HLS=C:/Xilinx/Vivado/2024.1
XIL_CHECK_TCL_DEBUG=False
XIL_NO_OVERRIDE=0
XIL_SUPPRESS_OVERRIDE_WARNINGS=1
XVREDIST=C:/Xilinx/Vitis/2024.1\tps\win64\xvcredist.exe
_RDI_BINROOT=C:\Xilinx\Vitis\2024.1\bin
_RDI_CWD=C:\Users\kwokt\Desktop\Vitis_HLS2\comet-to-vitis-hls\hls_component
_RDI_DONT_SET_XILINX_AS_PATH=True
_RDI_VERSION_PROG=vitis-run
_valid=False
__PSLockDownPolicy=0
XILINX_CD_CONNECT_ID=58928
XILINX_CD_SESSION=56ee36b0-a572-4fba-b320-16323081a5b8


VITIS-RUN command line:
------------------------------------------
C:/Xilinx/Vitis/2024.1/bin/unwrapped/win64.o/vitis-run.exe --mode hls --csim --config C:\Users\kwokt\Desktop\Vitis_HLS2\comet-to-vitis-hls\hls_component\hls_config.cfg --work_dir hls_component 

FINAL PROGRAM OPTIONS
--config C:\Users\kwokt\Desktop\Vitis_HLS2\comet-to-vitis-hls\hls_component\hls_config.cfg
--csim
--hls.flow_target vitis
--hls.package.output.format ip_catalog
--hls.package.output.syn false
--hls.syn.file C:/Users/kwokt/Desktop/Vitis_HLS2/comet-to-vitis-hls/design_files/riscvISA.cpp
--hls.syn.file C:/Users/kwokt/Desktop/Vitis_HLS2/comet-to-vitis-hls/design_files/core.cpp
--hls.syn.top doCore
--hls.tb.file C:/Users/kwokt/Desktop/Vitis_HLS2/comet-to-vitis-hls/design_files/dct-test.c
--mode hls
--part xcvu9p-flga2104-2-i
--work_dir hls_component

PARSED COMMAND LINE OPTIONS
--mode hls 
--csim 
--config C:\Users\kwokt\Desktop\Vitis_HLS2\comet-to-vitis-hls\hls_component\hls_config.cfg 
--work_dir hls_component 

PARSED CONFIG FILE (1) OPTIONS
file: C:\Users\kwokt\Desktop\Vitis_HLS2\comet-to-vitis-hls\hls_component\hls_config.cfg
part xcvu9p-flga2104-2-i 
hls.flow_target vitis 
hls.package.output.format ip_catalog 
hls.package.output.syn false 
hls.syn.file C:/Users/kwokt/Desktop/Vitis_HLS2/comet-to-vitis-hls/design_files/riscvISA.cpp 
hls.syn.file C:/Users/kwokt/Desktop/Vitis_HLS2/comet-to-vitis-hls/design_files/core.cpp 
hls.syn.top doCore 
hls.tb.file C:/Users/kwokt/Desktop/Vitis_HLS2/comet-to-vitis-hls/design_files/dct-test.c 


==========================================
new:  steps log generated by v++ for new launch 
timestamp: 17 Jan 2025 00:43:34
------------------------------------------
VITIS-RUN internal step: writing a config file for vitis_hls: C:/Users/kwokt/Desktop/Vitis_HLS2/comet-to-vitis-hls/hls_component/hls_component/hls/config.cmdline
timestamp: 17 Jan 2025 00:43:34
VITIS-RUN internal step status: success
------------------------------------------
VITIS-RUN internal step: running vitis_hls
timestamp: 17 Jan 2025 00:43:34
working dir: C:/Users/kwokt/Desktop/Vitis_HLS2/comet-to-vitis-hls/hls_component
cmd: vitis_hls -nolog -run csim -work_dir C:/Users/kwokt/Desktop/Vitis_HLS2/comet-to-vitis-hls/hls_component/hls_component -config C:/Users/kwokt/Desktop/Vitis_HLS2/comet-to-vitis-hls/hls_component/hls_config.cfg -cmdlineconfig C:/Users/kwokt/Desktop/Vitis_HLS2/comet-to-vitis-hls/hls_component/hls_component/hls/config.cmdline
VITIS-RUN internal step status: success

------------------------------------------
V++ command line :
------------------------------------------
C:/Xilinx/Vitis/2024.1/bin/unwrapped/win64.o/v++.exe -c --mode hls --config C:\Users\kwokt\Desktop\Vitis_HLS2\comet-to-vitis-hls\hls_component\hls_config.cfg --work_dir hls_component 
  Options from -O    : 
  Options from *.ini : 
  Options from Hw Platform : 

==========================================
new:  steps log generated by v++ for new launch 
timestamp: 17 Jan 2025 00:44:58
------------------------------------------
V++ internal step: writing a config file for vitis_hls: C:/Users/kwokt/Desktop/Vitis_HLS2/comet-to-vitis-hls/hls_component/hls_component/hls/config.cmdline
timestamp: 17 Jan 2025 00:44:58
V++ internal step status: success
------------------------------------------
V++ internal step: running vitis_hls
timestamp: 17 Jan 2025 00:44:58
working dir: C:/Users/kwokt/Desktop/Vitis_HLS2/comet-to-vitis-hls/hls_component
cmd: vitis_hls -nolog -run csynth -work_dir C:/Users/kwokt/Desktop/Vitis_HLS2/comet-to-vitis-hls/hls_component/hls_component -config C:/Users/kwokt/Desktop/Vitis_HLS2/comet-to-vitis-hls/hls_component/hls_config.cfg -cmdlineconfig C:/Users/kwokt/Desktop/Vitis_HLS2/comet-to-vitis-hls/hls_component/hls_component/hls/config.cmdline
V++ internal step status: fail
