================================================================
== Design Size Report
================================================================

* C-Synthesis has not completed!

* Total Instructions per Compilation Phase
+---------------+--------------------+--------------+----------------------------------------------------------------------------------+
| Phase         | Step               | Instructions | Description                                                                      |
+---------------+--------------------+--------------+----------------------------------------------------------------------------------+
| Compile/Link  |                    | 11,993       | After all functions are compiled and linked into a single design                 |
|               |                    |              |                                                                                  |
| Unroll/Inline |                    |              | After user unroll and inline pragmas are applied                                 |
|               | (1) unroll         |  7,449       | user unroll pragmas are applied                                                  |
|               | (2) simplification |  5,935       | simplification of applied user unroll pragmas                                    |
|               | (3) inline         |  4,586       | user inline pragmas are applied                                                  |
|               | (4) simplification |  2,200       | simplification of applied user inline pragmas                                    |
|               |                    |              |                                                                                  |
| Array/Struct  |                    | pending      | After user array partition and struct aggregate/disaggregate pragmas are applied |
| Performance   |                    |              | After transformations are applied to meet performance pragma targets             |
| HW Transforms |                    |              | After hardware transfomations                                                    |
+---------------+--------------------+--------------+----------------------------------------------------------------------------------+

* Instructions per Function for each Compilation Phase
+------------------------------------+-------------------------+------------------+----------------+
| Function                           | Location                | Compile/Link     | Unroll/Inline  |
+------------------------------------+-------------------------+------------------+----------------+
| + doCore                           | core.cpp:663            | 11,993           | 2,200          |
|  + Core                            | core.h:40               |   329            |                |
|   + FtoDC                          | pipelineRegisters.h:40  |    46            |                |
|    + ac_int                        | ac_int.h:2813           |    30 (2 calls)  |                |
|     + iv_conv                      | ac_int.h:1600           |     8 (2 calls)  |                |
|        iv                          | ac_int.h:1422           |     2 (2 calls)  |                |
|    + ac_int                        | ac_int.h:2011           |     7            |                |
|     + iv_conv                      | ac_int.h:1600           |     4            |                |
|        iv                          | ac_int.h:1422           |     1            |                |
|   + DCtoEx                         | pipelineRegisters.h:49  |   118            |                |
|    + ac_int                        | ac_int.h:2011           |    91 (13 calls) |                |
|     + iv_conv                      | ac_int.h:1600           |    40 (10 calls) |                |
|        iv                          | ac_int.h:1422           |    10 (10 calls) |                |
|     + iv_conv                      | ac_int.h:1609           |    12 (3 calls)  |                |
|        iv                          | ac_int.h:1422           |     3 (3 calls)  |                |
|   + ExtoMem                        | pipelineRegisters.h:79  |    73            |                |
|    + ac_int                        | ac_int.h:2011           |    56 (8 calls)  |                |
|     + iv_conv                      | ac_int.h:1600           |    24 (6 calls)  |                |
|        iv                          | ac_int.h:1422           |     6 (6 calls)  |                |
|     + iv_conv                      | ac_int.h:1609           |     8 (2 calls)  |                |
|        iv                          | ac_int.h:1422           |     2 (2 calls)  |                |
|   + MemtoWB                        | pipelineRegisters.h:100 |    46            |                |
|    + ac_int                        | ac_int.h:2011           |    35 (5 calls)  |                |
|     + iv_conv                      | ac_int.h:1600           |    16 (4 calls)  |                |
|        iv                          | ac_int.h:1422           |     4 (4 calls)  |                |
|     + iv_conv                      | ac_int.h:1609           |     4            |                |
|        iv                          | ac_int.h:1422           |     1            |                |
|   + ac_int                         | ac_int.h:2011           |    14 (2 calls)  |                |
|    + iv_conv                       | ac_int.h:1609           |     4            |                |
|       iv                           | ac_int.h:1422           |     1            |                |
|    + iv_conv                       | ac_int.h:1600           |     4            |                |
|       iv                           | ac_int.h:1422           |     1            |                |
|  + IncompleteMemory                | memoryInterface.h:41    |    56 (2 calls)  |                |
|     MemoryInterface                | memoryInterface.h:25    |     6 (2 calls)  |                |
|   + ac_int                         | ac_int.h:2011           |    28 (4 calls)  |                |
|    + iv_conv                       | ac_int.h:1600           |    16 (4 calls)  |                |
|       iv                           | ac_int.h:1422           |     4 (4 calls)  |                |
|  + ac_int                          | ac_int.h:2813           |    15            |                |
|   + iv_conv                        | ac_int.h:1600           |     4            |                |
|      iv                            | ac_int.h:1422           |     1            |                |
|  + doCycle                         | core.cpp:506            | 11,560           | 2,162          |
|   + FtoDC                          | pipelineRegisters.h:40  |    46            |                |
|    + ac_int                        | ac_int.h:2813           |    30 (2 calls)  |                |
|     + iv_conv                      | ac_int.h:1600           |     8 (2 calls)  |                |
|        iv                          | ac_int.h:1422           |     2 (2 calls)  |                |
|    + ac_int                        | ac_int.h:2011           |     7            |                |
|     + iv_conv                      | ac_int.h:1600           |     4            |                |
|        iv                          | ac_int.h:1422           |     1            |                |
|   + ac_int                         | ac_int.h:2813           |    90 (6 calls)  |                |
|    + iv_conv                       | ac_int.h:1600           |    24 (6 calls)  |                |
|       iv                           | ac_int.h:1422           |     6 (6 calls)  |                |
|   + DCtoEx                         | pipelineRegisters.h:49  |   118            |                |
|    + ac_int                        | ac_int.h:2011           |    91 (13 calls) |                |
|     + iv_conv                      | ac_int.h:1600           |    40 (10 calls) |                |
|        iv                          | ac_int.h:1422           |    10 (10 calls) |                |
|     + iv_conv                      | ac_int.h:1609           |    12 (3 calls)  |                |
|        iv                          | ac_int.h:1422           |     3 (3 calls)  |                |
|   + ExtoMem                        | pipelineRegisters.h:79  |    73            |                |
|    + ac_int                        | ac_int.h:2011           |    56 (8 calls)  |                |
|     + iv_conv                      | ac_int.h:1600           |    24 (6 calls)  |                |
|        iv                          | ac_int.h:1422           |     6 (6 calls)  |                |
|     + iv_conv                      | ac_int.h:1609           |     8 (2 calls)  |                |
|        iv                          | ac_int.h:1422           |     2 (2 calls)  |                |
|   + MemtoWB                        | pipelineRegisters.h:100 |    46            |                |
|    + ac_int                        | ac_int.h:2011           |    35 (5 calls)  |                |
|     + iv_conv                      | ac_int.h:1600           |    16 (4 calls)  |                |
|        iv                          | ac_int.h:1422           |     4 (4 calls)  |                |
|     + iv_conv                      | ac_int.h:1609           |     4            |                |
|        iv                          | ac_int.h:1422           |     1            |                |
|   + WBOut                          | pipelineRegisters.h:115 |    19            |                |
|    + ac_int                        | ac_int.h:2011           |    14 (2 calls)  |                |
|     + iv_conv                      | ac_int.h:1600           |     8 (2 calls)  |                |
|        iv                          | ac_int.h:1422           |     2 (2 calls)  |                |
|   + ac_int                         | ac_int.h:2029           |    33            |                |
|    + iv_conv<int>                  | ac_int.h:1601           |    16            |                |
|     + iv                           | ac_int.h:1431           |    12            |                |
|        iv_extend<0>                | ac_int.h:419            |     1            |                |
|      bit_adjust                    | ac_int.h:1908           |    11            |                |
|   + ac_int                         | ac_int.h:2011           |     7            |                |
|    + iv_conv                       | ac_int.h:1600           |     4            |                |
|       iv                           | ac_int.h:1422           |     1            |                |
|   + fetch                          | core.cpp:21             |   136            |                |
|    + operator+<32, false>          | ac_int.h:2956           |    95            |                |
|     + ac_int                       | ac_int.h:2805           |    11            |                |
|      + iv_conv                     | ac_int.h:1609           |     4            |                |
|         iv                         | ac_int.h:1422           |     1            |                |
|     + operator+<32, true>          | ac_int.h:2138           |    76            |                |
|      + ac_int                      | ac_int.h:2011           |     7            |                |
|       + iv_conv                    | ac_int.h:1609           |     4            |                |
|          iv                        | ac_int.h:1422           |     1            |                |
|      + add<1, 2>                   | ac_int.h:1482           |    63            |                |
|       + iv_add<2, 1, 2>            | ac_int.h:640            |    55            |                |
|          iv_uadd_n<0>              | ac_int.h:620            |     1            |                |
|          iv_add_int_carry<2>       | ac_int.h:578            |    42            |                |
|          iv_extend<0>              | ac_int.h:419            |     1            |                |
|    + ac_int<34, true>              | ac_int.h:2017           |    17            |                |
|     + iv_conv                      | ac_int.h:1600           |     4            |                |
|        iv                          | ac_int.h:1422           |     1            |                |
|       bit_adjust                   | ac_int.h:1908           |     5            |                |
|   + decode                         | core.cpp:29             | 4,640            |  589           |
|    + slc<7>                        | ac_int.h:2429           |   339 (3 calls)  |  132 (3 calls) |
|     + ac_int                       | ac_int.h:2011           |    21 (3 calls)  |                |
|      + iv_conv                     | ac_int.h:1600           |    12 (3 calls)  |                |
|         iv                         | ac_int.h:1422           |     3 (3 calls)  |                |
|       ac_assert                    | ac_int.h:173            |     3 (3 calls)  |                |
|     + shift_r<1>                   | ac_int.h:1497           |   255 (3 calls)  |                |
|        iv_shift_r<2, 1>            | ac_int.h:1123           |   237 (3 calls)  |                |
|       bit_adjust                   | ac_int.h:1908           |    33 (3 calls)  |                |
|    + slc<5>                        | ac_int.h:2429           |   452 (4 calls)  |  176 (4 calls) |
|     + ac_int                       | ac_int.h:2011           |    28 (4 calls)  |                |
|      + iv_conv                     | ac_int.h:1600           |    16 (4 calls)  |                |
|         iv                         | ac_int.h:1422           |     4 (4 calls)  |                |
|       ac_assert                    | ac_int.h:173            |     4 (4 calls)  |                |
|     + shift_r<1>                   | ac_int.h:1497           |   340 (4 calls)  |                |
|        iv_shift_r<2, 1>            | ac_int.h:1123           |   316 (4 calls)  |                |
|       bit_adjust                   | ac_int.h:1908           |    44 (4 calls)  |                |
|    + slc<3>                        | ac_int.h:2429           |   113            |                |
|     + ac_int                       | ac_int.h:2011           |     7            |                |
|      + iv_conv                     | ac_int.h:1600           |     4            |                |
|         iv                         | ac_int.h:1422           |     1            |                |
|       ac_assert                    | ac_int.h:173            |     1            |                |
|     + shift_r<1>                   | ac_int.h:1497           |    85            |                |
|        iv_shift_r<2, 1>            | ac_int.h:1123           |    79            |                |
|       bit_adjust                   | ac_int.h:1908           |    11            |                |
|    + ac_int                        | ac_int.h:2029           |   231 (7 calls)  |                |
|     + iv_conv<int>                 | ac_int.h:1601           |    64 (4 calls)  |                |
|      + iv                          | ac_int.h:1431           |    48 (4 calls)  |                |
|         iv_extend<0>               | ac_int.h:419            |     4 (4 calls)  |                |
|       bit_adjust                   | ac_int.h:1908           |    77 (7 calls)  |                |
|     + iv_conv<int>                 | ac_int.h:1610           |    48 (3 calls)  |                |
|      + iv                          | ac_int.h:1431           |    36 (3 calls)  |                |
|         iv_extend<0>               | ac_int.h:419            |     3 (3 calls)  |                |
|    + set_slc<7, false>             | ac_int.h:2455           |    77            |                |
|       ac_assert                    | ac_int.h:173            |     1            |                |
|     + ac_int<7, false>             | ac_int.h:2017           |    23            |                |
|      + iv_conv                     | ac_int.h:1609           |     4            |                |
|         iv                         | ac_int.h:1422           |     1            |                |
|        bit_adjust                  | ac_int.h:1908           |    11            |                |
|       set_slc<1>                   | ac_int.h:1569           |    23            |                |
|       bit_adjust                   | ac_int.h:1908           |    11            |                |
|    + set_slc<5, false>             | ac_int.h:2455           |    77            |                |
|       ac_assert                    | ac_int.h:173            |     1            |                |
|     + ac_int<5, false>             | ac_int.h:2017           |    23            |                |
|      + iv_conv                     | ac_int.h:1609           |     4            |                |
|         iv                         | ac_int.h:1422           |     1            |                |
|        bit_adjust                  | ac_int.h:1908           |    11            |                |
|       set_slc<1>                   | ac_int.h:1569           |    23            |                |
|       bit_adjust                   | ac_int.h:1908           |    11            |                |
|    + slc<12>                       | ac_int.h:2429           |   226 (2 calls)  |                |
|     + ac_int                       | ac_int.h:2011           |    14 (2 calls)  |                |
|      + iv_conv                     | ac_int.h:1600           |     8 (2 calls)  |                |
|         iv                         | ac_int.h:1422           |     2 (2 calls)  |                |
|       ac_assert                    | ac_int.h:173            |     2 (2 calls)  |                |
|     + shift_r<1>                   | ac_int.h:1497           |   170 (2 calls)  |                |
|        iv_shift_r<2, 1>            | ac_int.h:1123           |    79            |                |
|        iv_shift_r<1, 1>            | ac_int.h:1123           |    79            |                |
|       bit_adjust                   | ac_int.h:1908           |    22 (2 calls)  |                |
|    + ac_int<12, false>             | ac_int.h:2017           |    23            |                |
|     + iv_conv                      | ac_int.h:1609           |     4            |                |
|        iv                          | ac_int.h:1422           |     1            |                |
|       bit_adjust                   | ac_int.h:1908           |    11            |                |
|    + set_slc<12, false>            | ac_int.h:2455           |    77            |                |
|       ac_assert                    | ac_int.h:173            |     1            |                |
|     + ac_int<12, false>            | ac_int.h:2017           |    23            |                |
|      + iv_conv                     | ac_int.h:1609           |     4            |                |
|         iv                         | ac_int.h:1422           |     1            |                |
|        bit_adjust                  | ac_int.h:1908           |    11            |                |
|       set_slc<1>                   | ac_int.h:1569           |    23            |                |
|       bit_adjust                   | ac_int.h:1908           |    11            |                |
|    + operator[]                    | ac_int.h:2525           |    92 (4 calls)  |                |
|       ac_assert                    | ac_int.h:173            |     8 (8 calls)  |                |
|    + operator[]                    | ac_int.h:2504           |    56 (4 calls)  |                |
|       ac_assert                    | ac_int.h:173            |     8 (8 calls)  |                |
|       ac_bitref                    | ac_int.h:2479           |    20 (4 calls)  |                |
|    + operator=                     | ac_int.h:2484           |   180 (4 calls)  |                |
|       bit_adjust                   | ac_int.h:1908           |    44 (4 calls)  |                |
|    + slc<6>                        | ac_int.h:2429           |   113            |                |
|     + ac_int                       | ac_int.h:2011           |     7            |                |
|      + iv_conv                     | ac_int.h:1600           |     4            |                |
|         iv                         | ac_int.h:1422           |     1            |                |
|       ac_assert                    | ac_int.h:173            |     1            |                |
|     + shift_r<1>                   | ac_int.h:1497           |    85            |                |
|        iv_shift_r<2, 1>            | ac_int.h:1123           |    79            |                |
|       bit_adjust                   | ac_int.h:1908           |    11            |                |
|    + set_slc<6, false>             | ac_int.h:2455           |    77            |                |
|       ac_assert                    | ac_int.h:173            |     1            |                |
|     + ac_int<6, false>             | ac_int.h:2017           |    23            |                |
|      + iv_conv                     | ac_int.h:1609           |     4            |                |
|         iv                         | ac_int.h:1422           |     1            |                |
|        bit_adjust                  | ac_int.h:1908           |    11            |                |
|       set_slc<1>                   | ac_int.h:1569           |    23            |                |
|       bit_adjust                   | ac_int.h:1908           |    11            |                |
|    + slc<4>                        | ac_int.h:2429           |   113            |                |
|     + ac_int                       | ac_int.h:2011           |     7            |                |
|      + iv_conv                     | ac_int.h:1600           |     4            |                |
|         iv                         | ac_int.h:1422           |     1            |                |
|       ac_assert                    | ac_int.h:173            |     1            |                |
|     + shift_r<1>                   | ac_int.h:1497           |    85            |                |
|        iv_shift_r<2, 1>            | ac_int.h:1123           |    79            |                |
|       bit_adjust                   | ac_int.h:1908           |    11            |                |
|    + set_slc<4, false>             | ac_int.h:2455           |    77            |                |
|       ac_assert                    | ac_int.h:173            |     1            |                |
|     + ac_int<4, false>             | ac_int.h:2017           |    23            |                |
|      + iv_conv                     | ac_int.h:1609           |     4            |                |
|         iv                         | ac_int.h:1422           |     1            |                |
|        bit_adjust                  | ac_int.h:1908           |    11            |                |
|       set_slc<1>                   | ac_int.h:1569           |    23            |                |
|       bit_adjust                   | ac_int.h:1908           |    11            |                |
|    + set_slc<13, false>            | ac_int.h:2455           |    77            |                |
|       ac_assert                    | ac_int.h:173            |     1            |                |
|     + ac_int<13, false>            | ac_int.h:2017           |    23            |                |
|      + iv_conv                     | ac_int.h:1609           |     4            |                |
|         iv                         | ac_int.h:1422           |     1            |                |
|        bit_adjust                  | ac_int.h:1908           |    11            |                |
|       set_slc<1>                   | ac_int.h:1569           |    23            |                |
|       bit_adjust                   | ac_int.h:1908           |    11            |                |
|    + ac_int                        | ac_int.h:2805           |    22 (2 calls)  |                |
|     + iv_conv                      | ac_int.h:1609           |     8 (2 calls)  |                |
|        iv                          | ac_int.h:1422           |     2 (2 calls)  |                |
|    + slc<20>                       | ac_int.h:2429           |   113            |                |
|     + ac_int                       | ac_int.h:2011           |     7            |                |
|      + iv_conv                     | ac_int.h:1600           |     4            |                |
|         iv                         | ac_int.h:1422           |     1            |                |
|       ac_assert                    | ac_int.h:173            |     1            |                |
|     + shift_r<1>                   | ac_int.h:1497           |    85            |                |
|        iv_shift_r<2, 1>            | ac_int.h:1123           |    79            |                |
|       bit_adjust                   | ac_int.h:1908           |    11            |                |
|    + set_slc<20, false>            | ac_int.h:2455           |    77            |                |
|       ac_assert                    | ac_int.h:173            |     1            |                |
|     + ac_int<20, false>            | ac_int.h:2017           |    23            |                |
|      + iv_conv                     | ac_int.h:1609           |     4            |                |
|         iv                         | ac_int.h:1422           |     1            |                |
|        bit_adjust                  | ac_int.h:1908           |    11            |                |
|       set_slc<1>                   | ac_int.h:1569           |    23            |                |
|       bit_adjust                   | ac_int.h:1908           |    11            |                |
|    + slc<8>                        | ac_int.h:2429           |   113            |                |
|     + ac_int                       | ac_int.h:2011           |     7            |                |
|      + iv_conv                     | ac_int.h:1600           |     4            |                |
|         iv                         | ac_int.h:1422           |     1            |                |
|       ac_assert                    | ac_int.h:173            |     1            |                |
|     + shift_r<1>                   | ac_int.h:1497           |    85            |                |
|        iv_shift_r<2, 1>            | ac_int.h:1123           |    79            |                |
|       bit_adjust                   | ac_int.h:1908           |    11            |                |
|    + set_slc<8, false>             | ac_int.h:2455           |    77            |                |
|       ac_assert                    | ac_int.h:173            |     1            |                |
|     + ac_int<8, false>             | ac_int.h:2017           |    23            |                |
|      + iv_conv                     | ac_int.h:1609           |     4            |                |
|         iv                         | ac_int.h:1422           |     1            |                |
|        bit_adjust                  | ac_int.h:1908           |    11            |                |
|       set_slc<1>                   | ac_int.h:1569           |    23            |                |
|       bit_adjust                   | ac_int.h:1908           |    11            |                |
|    + slc<10>                       | ac_int.h:2429           |   113            |                |
|     + ac_int                       | ac_int.h:2011           |     7            |                |
|      + iv_conv                     | ac_int.h:1600           |     4            |                |
|         iv                         | ac_int.h:1422           |     1            |                |
|       ac_assert                    | ac_int.h:173            |     1            |                |
|     + shift_r<1>                   | ac_int.h:1497           |    85            |                |
|        iv_shift_r<2, 1>            | ac_int.h:1123           |    79            |                |
|       bit_adjust                   | ac_int.h:1908           |    11            |                |
|    + set_slc<10, false>            | ac_int.h:2455           |    77            |                |
|       ac_assert                    | ac_int.h:173            |     1            |                |
|     + ac_int<10, false>            | ac_int.h:2017           |    23            |                |
|      + iv_conv                     | ac_int.h:1609           |     4            |                |
|         iv                         | ac_int.h:1422           |     1            |                |
|        bit_adjust                  | ac_int.h:1908           |    11            |                |
|       set_slc<1>                   | ac_int.h:1569           |    23            |                |
|       bit_adjust                   | ac_int.h:1908           |    11            |                |
|    + set_slc<21, false>            | ac_int.h:2455           |    77            |                |
|       ac_assert                    | ac_int.h:173            |     1            |                |
|     + ac_int<21, false>            | ac_int.h:2017           |    23            |                |
|      + iv_conv                     | ac_int.h:1609           |     4            |                |
|         iv                         | ac_int.h:1422           |     1            |                |
|        bit_adjust                  | ac_int.h:1908           |    11            |                |
|       set_slc<1>                   | ac_int.h:1569           |    23            |                |
|       bit_adjust                   | ac_int.h:1908           |    11            |                |
|    + operator unsigned long long   | ac_int.h:1597           |    24 (3 calls)  |                |
|       to_uint64                    | ac_int.h:1555           |    15 (3 calls)  |                |
|    + ac_int<32, true>              | ac_int.h:2017           |    94 (2 calls)  |                |
|     + iv_conv                      | ac_int.h:1600           |     8 (2 calls)  |                |
|        iv                          | ac_int.h:1422           |     2 (2 calls)  |                |
|     + iv<1>                        | ac_int.h:1423           |    48 (2 calls)  |                |
|        iv_copy<1>                  | ac_int.h:252            |    10 (2 calls)  |                |
|        iv_extend<1>                | ac_int.h:420            |     6 (2 calls)  |                |
|       bit_adjust                   | ac_int.h:1908           |    10 (2 calls)  |                |
|    + ac_int<32, false>             | ac_int.h:2017           |   510 (10 calls) |                |
|     + iv_conv                      | ac_int.h:1609           |    40 (10 calls) |                |
|        iv                          | ac_int.h:1422           |    10 (10 calls) |                |
|     + iv<2>                        | ac_int.h:1423           |   220 (10 calls) |                |
|        iv_copy<1>                  | ac_int.h:252            |    50 (10 calls) |                |
|        iv_extend<0>                | ac_int.h:419            |    10 (10 calls) |                |
|       bit_adjust                   | ac_int.h:1908           |   110 (10 calls) |                |
|    + operator+<32, false>          | ac_int.h:2956           |    95            |                |
|     + ac_int                       | ac_int.h:2805           |    11            |                |
|      + iv_conv                     | ac_int.h:1609           |     4            |                |
|         iv                         | ac_int.h:1422           |     1            |                |
|     + operator+<32, true>          | ac_int.h:2138           |    76            |                |
|      + ac_int                      | ac_int.h:2011           |     7            |                |
|       + iv_conv                    | ac_int.h:1609           |     4            |                |
|          iv                        | ac_int.h:1422           |     1            |                |
|      + add<1, 2>                   | ac_int.h:1482           |    63            |                |
|       + iv_add<2, 1, 2>            | ac_int.h:640            |    55            |                |
|          iv_uadd_n<0>              | ac_int.h:620            |     1            |                |
|          iv_add_int_carry<2>       | ac_int.h:578            |    42            |                |
|          iv_extend<0>              | ac_int.h:419            |     1            |                |
|    + ac_int<34, true>              | ac_int.h:2017           |    68 (2 calls)  |                |
|     + iv_conv                      | ac_int.h:1609           |     4            |                |
|        iv                          | ac_int.h:1422           |     1            |                |
|     + iv<2>                        | ac_int.h:1423           |    22            |                |
|        iv_copy<1>                  | ac_int.h:252            |     5            |                |
|        iv_extend<0>                | ac_int.h:419            |     1            |                |
|       bit_adjust                   | ac_int.h:1908           |    16 (2 calls)  |                |
|     + iv_conv                      | ac_int.h:1600           |     4            |                |
|        iv                          | ac_int.h:1422           |     1            |                |
|    + operator+<21, true>           | ac_int.h:2138           |    76            |                |
|     + ac_int                       | ac_int.h:2011           |     7            |                |
|      + iv_conv                     | ac_int.h:1609           |     4            |                |
|         iv                         | ac_int.h:1422           |     1            |                |
|     + add<1, 2>                    | ac_int.h:1482           |    63            |                |
|      + iv_add<2, 1, 2>             | ac_int.h:640            |    55            |                |
|         iv_uadd_n<0>               | ac_int.h:620            |     1            |                |
|         iv_add_int_carry<2>        | ac_int.h:578            |    42            |                |
|         iv_extend<0>               | ac_int.h:419            |     1            |                |
|    + ac_int<12, true>              | ac_int.h:2017           |    92 (4 calls)  |                |
|     + iv_conv                      | ac_int.h:1609           |    16 (4 calls)  |                |
|        iv                          | ac_int.h:1422           |     4 (4 calls)  |                |
|       bit_adjust                   | ac_int.h:1908           |    44 (4 calls)  |                |
|    + ac_int<13, true>              | ac_int.h:2017           |    23            |                |
|     + iv_conv                      | ac_int.h:1609           |     4            |                |
|        iv                          | ac_int.h:1422           |     1            |                |
|       bit_adjust                   | ac_int.h:1908           |    11            |                |
|    + operator==<5, false>          | ac_int.h:2956           |    35            |                |
|     + ac_int                       | ac_int.h:2805           |    11            |                |
|      + iv_conv                     | ac_int.h:1609           |     4            |                |
|         iv                         | ac_int.h:1422           |     1            |                |
|     + operator==<32, true>         | ac_int.h:2411           |    16            |                |
|      + equal<1>                    | ac_int.h:1514           |    12            |                |
|         iv_equal<1, 1>             | ac_int.h:317            |     6            |                |
|   + execute                        | core.cpp:206            | 4,784            |  737           |
|    + operator unsigned long long   | ac_int.h:1597           |    40 (5 calls)  |                |
|       to_uint64                    | ac_int.h:1555           |    25 (5 calls)  |                |
|    + operator+<32, true>           | ac_int.h:2138           |   304 (7 calls)  |                |
|     + ac_int                       | ac_int.h:2011           |    49 (7 calls)  |                |
|      + iv_conv                     | ac_int.h:1609           |    28 (7 calls)  |                |
|         iv                         | ac_int.h:1422           |     7 (7 calls)  |                |
|     + add<1, 2>                    | ac_int.h:1482           |   213 (7 calls)  |                |
|      + iv_add<1, 1, 2>             | ac_int.h:661            |   102 (6 calls)  |                |
|         iv_assign_int64<2>         | ac_int.h:442            |    48 (6 calls)  |                |
|      + iv_add<2, 1, 2>             | ac_int.h:640            |    55            |                |
|         iv_uadd_n<0>               | ac_int.h:620            |     1            |                |
|         iv_add_int_carry<2>        | ac_int.h:578            |    42            |                |
|         iv_extend<0>               | ac_int.h:419            |     1            |                |
|    + ac_int<33, true>              | ac_int.h:2017           |   425 (9 calls)  |                |
|     + iv_conv                      | ac_int.h:1609           |    32 (8 calls)  |                |
|        iv                          | ac_int.h:1422           |     8 (8 calls)  |                |
|     + iv<2>                        | ac_int.h:1423           |   176 (8 calls)  |                |
|        iv_copy<1>                  | ac_int.h:252            |    40 (8 calls)  |                |
|        iv_extend<0>                | ac_int.h:419            |     8 (8 calls)  |                |
|       bit_adjust                   | ac_int.h:1908           |    93 (9 calls)  |                |
|     + iv_conv                      | ac_int.h:1600           |     4            |                |
|        iv                          | ac_int.h:1422           |     1            |                |
|    + operator+<32, false>          | ac_int.h:2956           |    95            |                |
|     + ac_int                       | ac_int.h:2805           |    11            |                |
|      + iv_conv                     | ac_int.h:1609           |     4            |                |
|         iv                         | ac_int.h:1422           |     1            |                |
|     + operator+<32, true>          | ac_int.h:2138           |    76            |                |
|      + ac_int                      | ac_int.h:2011           |     7            |                |
|       + iv_conv                    | ac_int.h:1609           |     4            |                |
|          iv                        | ac_int.h:1422           |     1            |                |
|      + add<1, 2>                   | ac_int.h:1482           |    63            |                |
|       + iv_add<2, 1, 2>            | ac_int.h:640            |    55            |                |
|          iv_uadd_n<0>              | ac_int.h:620            |     1            |                |
|          iv_add_int_carry<2>       | ac_int.h:578            |    42            |                |
|          iv_extend<0>              | ac_int.h:419            |     1            |                |
|    + ac_int<34, true>              | ac_int.h:2017           |    68 (2 calls)  |                |
|     + iv_conv                      | ac_int.h:1609           |     4            |                |
|        iv                          | ac_int.h:1422           |     1            |                |
|     + iv<2>                        | ac_int.h:1423           |    22            |                |
|        iv_copy<1>                  | ac_int.h:252            |     5            |                |
|        iv_extend<0>                | ac_int.h:419            |     1            |                |
|       bit_adjust                   | ac_int.h:1908           |    16 (2 calls)  |                |
|     + iv_conv                      | ac_int.h:1600           |     4            |                |
|        iv                          | ac_int.h:1422           |     1            |                |
|    + operator==<32, true>          | ac_int.h:2411           |    16            |                |
|     + equal<1>                     | ac_int.h:1514           |    12            |                |
|        iv_equal<1, 1>              | ac_int.h:317            |     6            |                |
|    + operator!=<32, true>          | ac_int.h:2412           |    17            |                |
|     + equal<1>                     | ac_int.h:1514           |    12            |                |
|        iv_equal<1, 1>              | ac_int.h:317            |     6            |                |
|    + operator<<32, true>           | ac_int.h:2413           |    48 (3 calls)  |                |
|     + less_than<1>                 | ac_int.h:1516           |    36 (3 calls)  |                |
|        iv_compare<1, 1, false>     | ac_int.h:407            |    18 (3 calls)  |                |
|    + operator>=<32, true>          | ac_int.h:2414           |    17            |                |
|     + less_than<1>                 | ac_int.h:1516           |    12            |                |
|        iv_compare<1, 1, false>     | ac_int.h:407            |     6            |                |
|    + ac_int<32, true>              | ac_int.h:2017           |   656 (16 calls) |                |
|     + iv_conv                      | ac_int.h:1600           |    64 (16 calls) |                |
|        iv                          | ac_int.h:1422           |    16 (16 calls) |                |
|     + iv<1>                        | ac_int.h:1423           |   288 (12 calls) |                |
|        iv_copy<1>                  | ac_int.h:252            |    60 (12 calls) |                |
|        iv_extend<1>                | ac_int.h:420            |    36 (12 calls) |                |
|       bit_adjust                   | ac_int.h:1908           |   104 (16 calls) |                |
|    + operator<<32, false>          | ac_int.h:2413           |   261 (3 calls)  |                |
|     + less_than<2>                 | ac_int.h:1516           |   249 (3 calls)  |                |
|        iv_compare<2, 2, false>     | ac_int.h:382            |   231 (3 calls)  |                |
|    + operator>=<32, false>         | ac_int.h:2414           |    88            |                |
|     + less_than<2>                 | ac_int.h:1516           |    83            |                |
|        iv_compare<2, 2, false>     | ac_int.h:382            |    77            |                |
|    + ac_int                        | ac_int.h:2023           |   136 (4 calls)  |                |
|     + iv_conv<bool>                | ac_int.h:1610           |    68 (4 calls)  |                |
|      + iv                          | ac_int.h:1431           |    48 (4 calls)  |                |
|         iv_extend<0>               | ac_int.h:419            |     4 (4 calls)  |                |
|       bit_adjust                   | ac_int.h:1908           |    44 (4 calls)  |                |
|    + operator^<32, true>           | ac_int.h:2317           |   168 (2 calls)  |                |
|     + ac_int                       | ac_int.h:2011           |    14 (2 calls)  |                |
|      + iv_conv                     | ac_int.h:1609           |     8 (2 calls)  |                |
|         iv                         | ac_int.h:1422           |     2 (2 calls)  |                |
|     + bitwise_xor<1, 1>            | ac_int.h:1510           |   142 (2 calls)  |                |
|      + iv_bitwise_xor<1, 1, 1>     | ac_int.h:1090           |   126 (2 calls)  |                |
|         iv_bitwise_xor_n<1>        | ac_int.h:1080           |    16 (2 calls)  |                |
|         iv_bitwise_complement_n<0> | ac_int.h:993            |    34 (2 calls)  |                |
|         iv_copy<0>                 | ac_int.h:247            |    32 (2 calls)  |                |
|         iv_extend<0>               | ac_int.h:419            |     2 (2 calls)  |                |
|    + operator|<32, true>           | ac_int.h:2311           |   268 (4 calls)  |                |
|     + ac_int                       | ac_int.h:2011           |    28 (4 calls)  |                |
|      + iv_conv                     | ac_int.h:1609           |    16 (4 calls)  |                |
|         iv                         | ac_int.h:1422           |     4 (4 calls)  |                |
|     + bitwise_or<1, 1>             | ac_int.h:1506           |   216 (4 calls)  |                |
|      + iv_bitwise_or<1, 1, 1>      | ac_int.h:1060           |   184 (4 calls)  |                |
|         iv_bitwise_or_n<1>         | ac_int.h:1050           |    32 (4 calls)  |                |
|         iv_extend<0>               | ac_int.h:419            |     8 (8 calls)  |                |
|         iv_copy<0>                 | ac_int.h:247            |    64 (4 calls)  |                |
|    + operator&<32, true>           | ac_int.h:2305           |   134 (2 calls)  |                |
|     + ac_int                       | ac_int.h:2011           |    14 (2 calls)  |                |
|      + iv_conv                     | ac_int.h:1609           |     8 (2 calls)  |                |
|         iv                         | ac_int.h:1422           |     2 (2 calls)  |                |
|     + bitwise_and<1, 1>            | ac_int.h:1502           |   108 (2 calls)  |                |
|      + iv_bitwise_and<1, 1, 1>     | ac_int.h:1030           |    92 (2 calls)  |                |
|         iv_bitwise_and_n<1>        | ac_int.h:1020           |    16 (2 calls)  |                |
|         iv_copy<0>                 | ac_int.h:247            |    32 (2 calls)  |                |
|         iv_extend<0>               | ac_int.h:419            |     4 (4 calls)  |                |
|    + operator<<<5>                 | ac_int.h:2356           |   200 (2 calls)  |                |
|     + ac_int                       | ac_int.h:2011           |    14 (2 calls)  |                |
|      + iv_conv                     | ac_int.h:1609           |     8 (2 calls)  |                |
|         iv                         | ac_int.h:1422           |     2 (2 calls)  |                |
|       to_uint                      | ac_int.h:2082           |    10 (2 calls)  |                |
|     + shift_l<1>                   | ac_int.h:1495           |   140 (2 calls)  |                |
|      + iv_shift_l<1, 1>            | ac_int.h:1105           |   128 (2 calls)  |                |
|         ac_assert                  | ac_int.h:173            |     2 (2 calls)  |                |
|       bit_adjust                   | ac_int.h:1908           |    22 (2 calls)  |                |
|    + operator[]                    | ac_int.h:2525           |    92 (4 calls)  |                |
|       ac_assert                    | ac_int.h:173            |     8 (8 calls)  |                |
|    + slc<5>                        | ac_int.h:2429           |   226 (2 calls)  |                |
|     + ac_int                       | ac_int.h:2011           |    14 (2 calls)  |                |
|      + iv_conv                     | ac_int.h:1609           |     8 (2 calls)  |                |
|         iv                         | ac_int.h:1422           |     2 (2 calls)  |                |
|       ac_assert                    | ac_int.h:173            |     2 (2 calls)  |                |
|     + shift_r<1>                   | ac_int.h:1497           |   170 (2 calls)  |                |
|        iv_shift_r<1, 1>            | ac_int.h:1123           |   158 (2 calls)  |                |
|       bit_adjust                   | ac_int.h:1908           |    22 (2 calls)  |                |
|    + ac_int<5, true>               | ac_int.h:2017           |    46 (2 calls)  |                |
|     + iv_conv                      | ac_int.h:1600           |     8 (2 calls)  |                |
|        iv                          | ac_int.h:1422           |     2 (2 calls)  |                |
|       bit_adjust                   | ac_int.h:1908           |    22 (2 calls)  |                |
|    + operator>><5>                 | ac_int.h:2370           |   448 (4 calls)  |  116 (2 calls) |
|     + ac_int                       | ac_int.h:2011           |    28 (4 calls)  |                |
|      + iv_conv                     | ac_int.h:1609           |     8 (2 calls)  |                |
|         iv                         | ac_int.h:1422           |     2 (2 calls)  |                |
|      + iv_conv                     | ac_int.h:1600           |     8 (2 calls)  |                |
|         iv                         | ac_int.h:1422           |     2 (2 calls)  |                |
|       to_uint                      | ac_int.h:2082           |    20 (4 calls)  |                |
|     + shift_r<1>                   | ac_int.h:1497           |   170 (2 calls)  |                |
|        iv_shift_r<1, 1>            | ac_int.h:1123           |   158 (2 calls)  |                |
|       bit_adjust                   | ac_int.h:1908           |    32 (4 calls)  |                |
|     + shift_r<2>                   | ac_int.h:1497           |   170 (2 calls)  |                |
|        iv_shift_r<2, 2>            | ac_int.h:1123           |   158 (2 calls)  |                |
|    + ac_int<32, false>             | ac_int.h:2017           |   102 (2 calls)  |                |
|     + iv_conv                      | ac_int.h:1609           |     8 (2 calls)  |                |
|        iv                          | ac_int.h:1422           |     2 (2 calls)  |                |
|     + iv<2>                        | ac_int.h:1423           |    44 (2 calls)  |                |
|        iv_copy<1>                  | ac_int.h:252            |    10 (2 calls)  |                |
|        iv_extend<0>                | ac_int.h:419            |     2 (2 calls)  |                |
|       bit_adjust                   | ac_int.h:1908           |    22 (2 calls)  |                |
|    + operator-<32, true>           | ac_int.h:2144           |    38            |                |
|     + ac_int                       | ac_int.h:2011           |     7            |                |
|      + iv_conv                     | ac_int.h:1609           |     4            |                |
|         iv                         | ac_int.h:1422           |     1            |                |
|     + sub<1, 2>                    | ac_int.h:1483           |    25            |                |
|      + iv_sub<1, 1, 2>             | ac_int.h:773            |    17            |                |
|         iv_assign_int64<2>         | ac_int.h:442            |     8            |                |
|    + operator~                     | ac_int.h:2290           |    68 (2 calls)  |                |
|     + ac_int                       | ac_int.h:2011           |    14 (2 calls)  |                |
|      + iv_conv                     | ac_int.h:1609           |     8 (2 calls)  |                |
|         iv                         | ac_int.h:1422           |     2 (2 calls)  |                |
|     + bitwise_complement<1>        | ac_int.h:1501           |    44 (2 calls)  |                |
|      + iv_bitwise_complement<1, 1> | ac_int.h:1008           |    32 (2 calls)  |                |
|         iv_bitwise_complement_n<1> | ac_int.h:998            |    12 (2 calls)  |                |
|         iv_extend<0>               | ac_int.h:419            |     2 (2 calls)  |                |
|    + operator&<32, false>          | ac_int.h:2305           |   116 (2 calls)  |                |
|     + ac_int                       | ac_int.h:2011           |    14 (2 calls)  |                |
|      + iv_conv                     | ac_int.h:1609           |     8 (2 calls)  |                |
|         iv                         | ac_int.h:1422           |     2 (2 calls)  |                |
|     + bitwise_and<2, 2>            | ac_int.h:1502           |    90 (2 calls)  |                |
|      + iv_bitwise_and<1, 2, 2>     | ac_int.h:1030           |    74 (2 calls)  |                |
|         iv_bitwise_and_n<1>        | ac_int.h:1020           |    16 (2 calls)  |                |
|         iv_copy<1>                 | ac_int.h:252            |    10 (2 calls)  |                |
|         iv_extend<1>               | ac_int.h:420            |     6 (2 calls)  |                |
|         iv_extend<0>               | ac_int.h:419            |     2 (2 calls)  |                |
|   + memory                         | core.cpp:393            |   212            |                |
|    + ac_int<32, true>              | ac_int.h:2017           |    94 (2 calls)  |                |
|     + iv_conv                      | ac_int.h:1600           |     8 (2 calls)  |                |
|        iv                          | ac_int.h:1422           |     2 (2 calls)  |                |
|     + iv<1>                        | ac_int.h:1423           |    48 (2 calls)  |                |
|        iv_copy<1>                  | ac_int.h:252            |    10 (2 calls)  |                |
|        iv_extend<1>                | ac_int.h:420            |     6 (2 calls)  |                |
|       bit_adjust                   | ac_int.h:1908           |    10 (2 calls)  |                |
|    + ac_int                        | ac_int.h:2011           |     7            |                |
|     + iv_conv                      | ac_int.h:1600           |     4            |                |
|        iv                          | ac_int.h:1422           |     1            |                |
|    + operator unsigned long long   | ac_int.h:1597           |     8            |                |
|       to_uint64                    | ac_int.h:1555           |     5            |                |
|    + ac_int                        | ac_int.h:2029           |    33            |                |
|     + iv_conv<int>                 | ac_int.h:1601           |    16            |                |
|      + iv                          | ac_int.h:1431           |    12            |                |
|         iv_extend<0>               | ac_int.h:419            |     1            |                |
|       bit_adjust                   | ac_int.h:1908           |    11            |                |
|   + writeback                      | core.cpp:423            |    61            |                |
|    + operator!=<5, false>          | ac_int.h:2956           |    36            |                |
|     + ac_int                       | ac_int.h:2805           |    11            |                |
|      + iv_conv                     | ac_int.h:1609           |     4            |                |
|         iv                         | ac_int.h:1422           |     1            |                |
|     + operator!=<32, true>         | ac_int.h:2412           |    17            |                |
|      + equal<1>                    | ac_int.h:1514           |    12            |                |
|         iv_equal<1, 1>             | ac_int.h:317            |     6            |                |
|   + forwardUnit                    | core.cpp:452            |   232            |  112           |
|    + operator==<5, false>          | ac_int.h:2411           |   144 (9 calls)  |                |
|     + equal<1>                     | ac_int.h:1514           |   108 (9 calls)  |                |
|        iv_equal<1, 1>              | ac_int.h:317            |    54 (9 calls)  |                |
|   + operator unsigned long long    | ac_int.h:1597           |    16 (2 calls)  |                |
|      to_uint64                     | ac_int.h:1555           |    10 (2 calls)  |                |
|   + ac_int<32, true>               | ac_int.h:2017           |    47            |                |
|    + iv_conv                       | ac_int.h:1600           |     4            |                |
|       iv                           | ac_int.h:1422           |     1            |                |
|    + iv<1>                         | ac_int.h:1423           |    24            |                |
|       iv_copy<1>                   | ac_int.h:252            |     5            |                |
|       iv_extend<1>                 | ac_int.h:420            |     3            |                |
|      bit_adjust                    | ac_int.h:1908           |     5            |                |
|   + ac_int<32, false>              | ac_int.h:2017           |   357 (7 calls)  |                |
|    + iv_conv                       | ac_int.h:1609           |    28 (7 calls)  |                |
|       iv                           | ac_int.h:1422           |     7 (7 calls)  |                |
|    + iv<2>                         | ac_int.h:1423           |   154 (7 calls)  |                |
|       iv_copy<1>                   | ac_int.h:252            |    35 (7 calls)  |                |
|       iv_extend<0>                 | ac_int.h:419            |     7 (7 calls)  |                |
|      bit_adjust                    | ac_int.h:1908           |    77 (7 calls)  |                |
|     branchUnit                     | core.cpp:433            |    18            |                |
+------------------------------------+-------------------------+------------------+----------------+

* Design Size Message Settings
+---------------------------------------------+--------+------------------------------------------------------------------+
| Message Setting                             | Value  | Description                                                      |
+---------------------------------------------+--------+------------------------------------------------------------------+
| config_compile -design_size_maximum_warning | 100000 | Show a warning when total design instructions exceeds this value |
+---------------------------------------------+--------+------------------------------------------------------------------+


