In file included from ../design_files/riscvISA.cpp:19:
In file included from ../design_files/riscvISA.h:20:
../design_files/ac_int.h:152:9: warning: unknown pragma ignored [-Winvalid-hls-pragmas]
#pragma builtin
        ^
../design_files/ac_int.h:166:32: warning: unused parameter 'd' [-Wunused-parameter]
inline double mgc_floor(double d)
                               ^
../design_files/ac_int.h:173:28: warning: unused parameter 'condition' [-Wunused-parameter]
inline void ac_assert(bool condition, const char* file = 0, int line = 0, const char* msg = 0)
                           ^
../design_files/ac_int.h:173:51: warning: unused parameter 'file' [-Wunused-parameter]
inline void ac_assert(bool condition, const char* file = 0, int line = 0, const char* msg = 0)
                                                  ^
../design_files/ac_int.h:173:65: warning: unused parameter 'line' [-Wunused-parameter]
inline void ac_assert(bool condition, const char* file = 0, int line = 0, const char* msg = 0)
                                                                ^
../design_files/ac_int.h:173:87: warning: unused parameter 'msg' [-Wunused-parameter]
inline void ac_assert(bool condition, const char* file = 0, int line = 0, const char* msg = 0)
                                                                                      ^
../design_files/ac_int.h:1901:9: warning: unknown pragma ignored [-Winvalid-hls-pragmas]
#pragma builtin
        ^
../design_files/ac_int.h:2473:9: warning: unknown pragma ignored [-Winvalid-hls-pragmas]
#pragma builtin
        ^
../design_files/ac_int.h:2868:96: warning: unused parameter 'x' [-Wunused-parameter]
template <int W, bool S> inline std::ostream& operator<<(std::ostream& os, const ac_int<W, S>& x)
                                                                                               ^
9 warnings generated.
